"../../../Engine/Content/BasicShapes/BasicShapeMaterial.uasset" 0
"../../../Engine/Content/Functions/Engine_MaterialFunctions01/Opacity/CameraDepthFade.uasset" 1
"../../../Engine/Content/EngineMaterials/T_Default_Material_Grid_M.uasset" 2
"../../../Engine/Content/EngineMaterials/T_Default_Material_Grid_N.uasset" 3
"../../../Engine/Content/EngineMaterials/WorldGridMaterial.uasset" 4
"../../../Engine/Content/BasicShapes/Cube.uasset" 5
"../../../../../../Gabchan/Unreal/Cropish/Content/Cube_Blueprint.uasset" 6
"../../../../../../Gabchan/Unreal/Cropish/Content/AI/PlantFriend_Board.uasset" 7
"../../../../../../Gabchan/Unreal/Cropish/Content/AI/ClearFocus.uasset" 8
"../../../Engine/Content/EditorBlueprintResources/StandardMacros.uasset" 9
"../../../../../../Gabchan/Unreal/Cropish/Content/MixamoAnimPack/Mixamo_Goblin/Anims/Mixamo_Goblin_Skeleton.uasset" 10
"../../../../../../Gabchan/Unreal/Cropish/Content/MixamoAnimPack/Mixamo_Goblin/Anims/Mixamo_Goblin_jump.uasset" 11
"../../../../../../Gabchan/Unreal/Cropish/Content/MixamoAnimPack/Mixamo_Goblin/Anims/Mixamo_Goblin_Running_Jump.uasset" 12
"../../../../../../Gabchan/Unreal/Cropish/Content/MixamoAnimPack/Mixamo_Goblin/Anims/Mixamo_Goblin_Sword_slash.uasset" 13
"../../../../../../Gabchan/Unreal/Cropish/Content/MixamoAnimPack/Mixamo_Goblin/Anims/Mixamo_Goblin_idle.uasset" 14
"../../../../../../Gabchan/Unreal/Cropish/Content/MixamoAnimPack/Mixamo_Goblin/Anims/Mixamo_Goblin_Run.uasset" 15
"../../../../../../Gabchan/Unreal/Cropish/Content/MixamoAnimPack/Mixamo_Goblin/Anims/Mixamo_Goblin_Walk.uasset" 16
"../../../../../../Gabchan/Unreal/Cropish/Content/MixamoAnimPack/Mixamo_Goblin/Anims/MixamoBlend_Goblin_1D.uasset" 17
"../../../../../../Gabchan/Unreal/Cropish/Content/MixamoAnimPack/MixamoCharacter_Master.uasset" 18
"../../../../../../Gabchan/Unreal/Cropish/Content/MixamoAnimPack/Mixamo_Goblin/Anims/MixamoAnimBP_Goblin.uasset" 19
"../../../../../../Gabchan/Unreal/Cropish/Content/AI/Fixed_Rad/Radish_Idle_Skeleton.uasset" 20
"../../../../../../Gabchan/Unreal/Cropish/Content/AI/Fixed_Rad/Animations/Radish_Idle_Anim.uasset" 21
"../../../../../../Gabchan/Unreal/Cropish/Content/AI/Fixed_Rad/Animations/Radish_Run_Anim.uasset" 22
"../../../../../../Gabchan/Unreal/Cropish/Content/AI/Fixed_Rad/Animations/Radish_Walk_Anim.uasset" 23
"../../../../../../Gabchan/Unreal/Cropish/Content/AI/Fixed_Rad/Animations/Radish_BS.uasset" 24
"../../../../../../Gabchan/Unreal/Cropish/Content/AI/Fixed_Rad/Animations/Radish_AnimBP.uasset" 25
"../../../../../../Gabchan/Unreal/Cropish/Content/AI/Rad/Radish_Idle_Skeleton.uasset" 26
"../../../../../../Gabchan/Unreal/Cropish/Content/AI/Rad/Animations/Radish_Idle_Anim.uasset" 27
"../../../../../../Gabchan/Unreal/Cropish/Content/QuestSystem/InteractInterface.uasset" 28
"../../../../../../Gabchan/Unreal/Cropish/Content/AI/Rad/RadUV.uasset" 29
"../../../../../../Gabchan/Unreal/Cropish/Content/AI/Rad/lambert4.uasset" 30
"../../../../../../Gabchan/Unreal/Cropish/Content/AI/Fixed_Rad/Materials/lambert2.uasset" 31
"../../../../../../Gabchan/Unreal/Cropish/Content/AI/Fixed_Rad/Materials/lambert4.uasset" 32
"../../../../../../Gabchan/Unreal/Cropish/Content/AI/Fixed_Rad/Radish.uasset" 33
"../../../../../../Gabchan/Unreal/Cropish/Content/AI/PlantFriendAI.uasset" 34
"../../../../../../Gabchan/Unreal/Cropish/Content/Pest/Pest_Board.uasset" 35
"../../../../../../Gabchan/Unreal/Cropish/Content/Pest/ClearFocus_Pest.uasset" 36
"../../../../../../Gabchan/Unreal/Cropish/Content/Geometry/Meshes/CubeMaterial.uasset" 37
"../../../../../../Gabchan/Unreal/Cropish/Content/Textures/Ground/tiles_grass.uasset" 38
"../../../../../../Gabchan/Unreal/Cropish/Content/Materials/Tile_grass_mat.uasset" 39
"../../../../../../Gabchan/Unreal/Cropish/Content/Models/Tile.uasset" 40
"../../../../../../Gabchan/Unreal/Cropish/Content/Plant/Grid/GridBase.uasset" 41
"../../../../../../Gabchan/Unreal/Cropish/Content/Widgets/CropProgressBar.uasset" 42
"../../../../../../Gabchan/Unreal/Cropish/Content/Assets/Blueprints/CropProgressBar_BP.uasset" 43
"../../../Engine/Content/EngineSky/C_Sky_Cloud_Color.uasset" 44
"../../../Engine/Content/EngineSky/C_Sky_Horizon_Color.uasset" 45
"../../../Engine/Content/EngineSky/C_Sky_Zenith_Color.uasset" 46
"../../../Engine/Content/EngineSky/T_Sky_Blue.uasset" 47
"../../../Engine/Content/EngineSky/T_Sky_Clouds_M.uasset" 48
"../../../Engine/Content/EngineSky/T_Sky_Stars.uasset" 49
"../../../Engine/Content/EngineSky/M_Sky_Panning_Clouds2.uasset" 50
"../../../Engine/Content/EngineSky/SM_SkySphere.uasset" 51
"../../../Engine/Content/EngineSky/BP_Sky_Sphere.uasset" 52
"../../../../../../Gabchan/Unreal/Cropish/Content/VirtualReality/Mannequin/Character/Mesh/MannequinHand_Right_Skeleton.uasset" 53
"../../../../../../Gabchan/Unreal/Cropish/Content/VirtualReality/Mannequin/Animations/MannequinHand_Right_CanGrab.uasset" 54
"../../../../../../Gabchan/Unreal/Cropish/Content/VirtualReality/Mannequin/Animations/MannequinHand_Right_Grab.uasset" 55
"../../../../../../Gabchan/Unreal/Cropish/Content/VirtualReality/Mannequin/Animations/MannequinHand_Right_Open.uasset" 56
"../../../../../../Gabchan/Unreal/Cropish/Content/VirtualReality/Mannequin/Animations/RightGrip_BS.uasset" 57
"../../../../../../Gabchan/Unreal/Cropish/Content/VirtualRealityBP/Blueprints/GripEnum.uasset" 58
"../../../../../../Gabchan/Unreal/Cropish/Content/VirtualReality/Mannequin/Animations/RightHand_AnimBP.uasset" 59
"../../../../../../Gabchan/Unreal/Cropish/Content/QuestSystem/QuestLog.uasset" 60
"../../../../../../Gabchan/Unreal/Cropish/Content/VirtualRealityBP/Blueprints/PickupActorInterface.uasset" 61
"../../../../../../Gabchan/Unreal/Cropish/Content/Textures/Packet/rad_packet_col.uasset" 62
"../../../../../../Gabchan/Unreal/Cropish/Content/Textures/Packet/rad_packet_normal.uasset" 63
"../../../../../../Gabchan/Unreal/Cropish/Content/Textures/Packet/rad_packet_rough.uasset" 64
"../../../../../../Gabchan/Unreal/Cropish/Content/Materials/Seedpacket_Mat.uasset" 65
"../../../../../../Gabchan/Unreal/Cropish/Content/Audio/SoundEffects/Plant_Seed.uasset" 66
"../../../../../../Gabchan/Unreal/Cropish/Content/Audio/SoundEffects/Plant_Seed_Cue.uasset" 67
"../../../../../../Gabchan/Unreal/Cropish/Content/Models/Seedpacket.uasset" 68
"../../../../../../Gabchan/Unreal/Cropish/Content/Plant/Seedpacket_BP.uasset" 69
"../../../../../../Gabchan/Unreal/Cropish/Content/Textures/Packet/carrot_packet_col.uasset" 70
"../../../../../../Gabchan/Unreal/Cropish/Content/Textures/Packet/carrot_packet_normal.uasset" 71
"../../../../../../Gabchan/Unreal/Cropish/Content/Textures/Packet/carrot_packet_rough.uasset" 72
"../../../../../../Gabchan/Unreal/Cropish/Content/Materials/Carrot_Seedpacket_Mat.uasset" 73
"../../../../../../Gabchan/Unreal/Cropish/Content/Plant/Seedpacket_Carrot_BP.uasset" 74
"../../../../../../Gabchan/Unreal/Cropish/Content/Textures/Packet/turnip_packet_col.uasset" 75
"../../../../../../Gabchan/Unreal/Cropish/Content/Textures/Packet/turnip_packet_normal.uasset" 76
"../../../../../../Gabchan/Unreal/Cropish/Content/Textures/Packet/turnip_packet_rough.uasset" 77
"../../../../../../Gabchan/Unreal/Cropish/Content/Materials/Turnip_Seedpacket_Mat.uasset" 78
"../../../../../../Gabchan/Unreal/Cropish/Content/Plant/Seedpacket_Turnip_BP.uasset" 79
"../../../../../../Gabchan/Unreal/Cropish/Content/Assets/Materials/WateringCanMat.uasset" 80
"../../../../../../Gabchan/Unreal/Cropish/Content/Assets/Meshes/WateringCan.uasset" 81
"../../../../../../Gabchan/Unreal/Cropish/Content/Assets/Particles/M_Particle.uasset" 82
"../../../../../../Gabchan/Unreal/Cropish/Content/Assets/Particles/P_Watering.uasset" 83
"../../../../../../Gabchan/Unreal/Cropish/Content/Audio/SoundEffects/watering.uasset" 84
"../../../../../../Gabchan/Unreal/Cropish/Content/Audio/SoundEffects/watering_Cue.uasset" 85
"../../../../../../Gabchan/Unreal/Cropish/Content/Plant/WateringCan_BP.uasset" 86
"../../../../../../Gabchan/Unreal/Cropish/Content/QuestSystem/InteractionMarker.uasset" 87
"../../../../../../Gabchan/Unreal/Cropish/Content/QuestSystem/LocationMarker.uasset" 88
"../../../../../../Gabchan/Unreal/Cropish/Content/QuestSystem/Objectives/ObjectivesTypes.uasset" 89
"../../../../../../Gabchan/Unreal/Cropish/Content/QuestSystem/Objectives/ObjectivesData.uasset" 90
"../../../../../../Gabchan/Unreal/Cropish/Content/QuestSystem/Quest/Quest.uasset" 91
"../../../../../../Gabchan/Unreal/Cropish/Content/QuestSystem/QuestUI/QuestLog_UI_BP.uasset" 92
"../../../../../../Gabchan/Unreal/Cropish/Content/QuestSystem/Border.uasset" 93
"../../../../../../Gabchan/Unreal/Cropish/Content/QuestSystem/Slate_Active.uasset" 94
"../../../../../../Gabchan/Unreal/Cropish/Content/QuestSystem/Slate_Inactive.uasset" 95
"../../../../../../Gabchan/Unreal/Cropish/Content/QuestSystem/QuestUI/QuestLogEntry_UI.uasset" 96
"../../../../../../Gabchan/Unreal/Cropish/Content/QuestSystem/QuestUI/QuestObjectiveItem_UI.uasset" 97
"../../../../../../Gabchan/Unreal/Cropish/Content/QuestSystem/QuestUI/QuestLog_UI.uasset" 98
"../../../../../../Gabchan/Unreal/Cropish/Content/QuestSystem/QuestUI/Quest_UI.uasset" 99
"../../../../../../Gabchan/Unreal/Cropish/Content/QuestSystem/QuestMacros.uasset" 100
"../../../../../../Gabchan/Unreal/Cropish/Content/Widgets/Pictures/Watch.uasset" 101
"../../../../../../Gabchan/Unreal/Cropish/Content/Widgets/Watch.uasset" 102
"../../../../../../Gabchan/Unreal/Cropish/Content/Inventory/InventoryMenu.uasset" 103
"../../../../../../Gabchan/Unreal/Cropish/Content/Audio/SoundEffects/Sell.uasset" 104
"../../../../../../Gabchan/Unreal/Cropish/Content/Plant/SellingBox.uasset" 105
"../../../../../../Gabchan/Unreal/Cropish/Content/Widgets/Pictures/+.uasset" 106
"../../../../../../Gabchan/Unreal/Cropish/Content/Widgets/Pictures/-.uasset" 107
"../../../../../../Gabchan/Unreal/Cropish/Content/Widgets/Pictures/Confirm_Button.uasset" 108
"../../../../../../Gabchan/Unreal/Cropish/Content/Widgets/Pictures/fall.uasset" 109
"../../../../../../Gabchan/Unreal/Cropish/Content/Widgets/Pictures/money_bag.uasset" 110
"../../../../../../Gabchan/Unreal/Cropish/Content/Widgets/Pictures/Sell.uasset" 111
"../../../../../../Gabchan/Unreal/Cropish/Content/Widgets/Pictures/spring.uasset" 112
"../../../../../../Gabchan/Unreal/Cropish/Content/Widgets/Pictures/summer.uasset" 113
"../../../../../../Gabchan/Unreal/Cropish/Content/Widgets/Pictures/tag.uasset" 114
"../../../../../../Gabchan/Unreal/Cropish/Content/Widgets/Pictures/winter.uasset" 115
"../../../../../../Gabchan/Unreal/Cropish/Content/Widgets/SellerUI.uasset" 116
"../../../../../../Gabchan/Unreal/Cropish/Content/Inventory/SellerMenu.uasset" 117
"../../../../../../Gabchan/Unreal/Cropish/Content/Blueprints/Test/tutorial_spheretrigger_Blueprint.uasset" 118
"../../../../../../Gabchan/Unreal/Cropish/Content/Widgets/Pictures/Next.uasset" 119
"../../../../../../Gabchan/Unreal/Cropish/Content/Widgets/Pictures/speechbubble.uasset" 120
"../../../../../../Gabchan/Unreal/Cropish/Content/Widgets/Tutorial.uasset" 121
"../../../../../../Gabchan/Unreal/Cropish/Content/Inventory/Tutorial_Speech_BP.uasset" 122
"../../../../../../Gabchan/Unreal/Cropish/Content/VirtualRealityBP/Blueprints/MotionControllerHaptics.uasset" 123
"../../../../../../Gabchan/Unreal/Cropish/Content/VirtualReality/Mannequin/Character/Textures/UE4_Mannequin__normals.uasset" 124
"../../../../../../Gabchan/Unreal/Cropish/Content/VirtualReality/Mannequin/Character/Textures/UE4_Mannequin_MAT_MASKA.uasset" 125
"../../../../../../Gabchan/Unreal/Cropish/Content/VirtualReality/Mannequin/Character/Materials/M_HandMat.uasset" 126
"../../../Engine/Content/Functions/Engine_MaterialFunctions02/Utility/BreakOutFloat2Components.uasset" 127
"../../../Engine/Content/Functions/Engine_MaterialFunctions01/Texturing/ScaleUVsByCenter.uasset" 128
"../../../Engine/Content/Functions/Engine_MaterialFunctions02/ScreenResolution.uasset" 129
"../../../Engine/Content/Functions/Engine_MaterialFunctions02/Texturing/ScreenAlignedUVs.uasset" 130
"../../../Engine/Content/Functions/Engine_MaterialFunctions02/Utility/CameraDirectionVector.uasset" 131
"../../../Engine/Content/Functions/Engine_MaterialFunctions02/Utility/DepthFromWorldPosition.uasset" 132
"../../../../../../Gabchan/Unreal/Cropish/Content/VirtualReality/Materials/MF_OccludedPixels.uasset" 133
"../../../../../../Gabchan/Unreal/Cropish/Content/VirtualReality/Materials/TeleportMCP.uasset" 134
"../../../Engine/Content/EngineMaterials/Good64x64TilingNoiseHighFreq.uasset" 135
"../../../../../../Gabchan/Unreal/Cropish/Content/VirtualReality/Materials/M_ArcEndpoint.uasset" 136
"../../../../../../Gabchan/Unreal/Cropish/Content/VirtualReality/Materials/M_SplineArcMat.uasset" 137
"../../../../../../Gabchan/Unreal/Cropish/Content/VirtualReality/Materials/M_TeleportPreviews.uasset" 138
"../../../../../../Gabchan/Unreal/Cropish/Content/VirtualReality/Materials/MI_ChaperoneOutline.uasset" 139
"../../../../../../Gabchan/Unreal/Cropish/Content/VirtualReality/Materials/MI_TeleportCylinderPreview.uasset" 140
"../../../Engine/Content/EngineMaterials/DefaultMaterial.uasset" 141
"../../../Engine/Content/BasicShapes/Cylinder.uasset" 142
"../../../Engine/Content/BasicShapes/Sphere.uasset" 143
"../../../../../../Gabchan/Unreal/Cropish/Content/QuestSystem/QuestUI/InteractMessage_UI.uasset" 144
"../../../../../../Gabchan/Unreal/Cropish/Content/VirtualReality/Mannequin/Character/Mesh/MannequinHand_Right_PhysicsAsset.uasset" 145
"../../../../../../Gabchan/Unreal/Cropish/Content/VirtualReality/Mannequin/Character/Mesh/MannequinHand_Right.uasset" 146
"../../../../../../Gabchan/Unreal/Cropish/Content/VirtualReality/Meshes/1x1_cube.uasset" 147
"../../../../../../Gabchan/Unreal/Cropish/Content/VirtualReality/Meshes/BeaconDirection.uasset" 148
"../../../../../../Gabchan/Unreal/Cropish/Content/VirtualReality/Meshes/BeamMesh.uasset" 149
"../../../../../../Gabchan/Unreal/Cropish/Content/VirtualReality/Meshes/SM_FatCylinder.uasset" 150
"../../../../../../Gabchan/Unreal/Cropish/Content/VirtualRealityBP/Blueprints/BP_MotionController.uasset" 151
"../../../../../../Gabchan/Unreal/Cropish/Content/Audio/SoundEffects/button.uasset" 152
"../../../../../../Gabchan/Unreal/Cropish/Content/Geometry/Meshes/1M_Cube.uasset" 153
"../../../../../../Gabchan/Unreal/Cropish/Content/Inventory/Inventory_Stuct.uasset" 154
"../../../../../../Gabchan/Unreal/Cropish/Content/Inventory/ButtonParent_BP.uasset" 155
"../../../../../../Gabchan/Unreal/Cropish/Content/Inventory/btnSpeedUp_BP.uasset" 156
"../../../../../../Gabchan/Unreal/Cropish/Content/Audio/SoundEffects/rain.uasset" 157
"../../../Engine/Content/Functions/Engine_MaterialFunctions01/Density/ExponentialDensity.uasset" 158
"../../../Engine/Content/Functions/Engine_MaterialFunctions01/Gradient/RadialGradientExponential.uasset" 159
"../../../../../../Gabchan/Unreal/Cropish/Content/Weather/Rain/Rainfall_M.uasset" 160
"../../../../../../Gabchan/Unreal/Cropish/Content/Weather/Rain/Rainfall_P.uasset" 161
"../../../../../../Gabchan/Unreal/Cropish/Content/Weather/Snow/Snow_M.uasset" 162
"../../../../../../Gabchan/Unreal/Cropish/Content/Weather/Snow/Snow_Unlit_M.uasset" 163
"../../../../../../Gabchan/Unreal/Cropish/Content/Weather/Snow/snowFlake_.uasset" 164
"../../../../../../Gabchan/Unreal/Cropish/Content/Weather/Snow/SnowFlake_M.uasset" 165
"../../../../../../Gabchan/Unreal/Cropish/Content/Weather/Snow/SnowFlake_Unlit_M.uasset" 166
"../../../../../../Gabchan/Unreal/Cropish/Content/Weather/Snow/Snow_p.uasset" 167
"../../../../../../Gabchan/Unreal/Cropish/Content/Assets/Blueprints/DayNight_Blueprint.uasset" 168
"../../../../../../Gabchan/Unreal/Cropish/Content/Plant/Grid/ResetLandInterface.uasset" 169
"../../../../../../Gabchan/Unreal/Cropish/Content/Assets/Particles/P_CropGrowth.uasset" 170
"../../../../../../Gabchan/Unreal/Cropish/Content/Audio/SoundEffects/Plant_Change_Stage.uasset" 171
"../../../../../../Gabchan/Unreal/Cropish/Content/Textures/Carrot_Crop/Carrot_UV_colour.uasset" 172
"../../../../../../Gabchan/Unreal/Cropish/Content/Textures/Carrot_Crop/Carrot_UV_normal.uasset" 173
"../../../../../../Gabchan/Unreal/Cropish/Content/Materials/carrot_stage3_mat.uasset" 174
"../../../../../../Gabchan/Unreal/Cropish/Content/Models/Carrot.uasset" 175
"../../../../../../Gabchan/Unreal/Cropish/Content/Models/carrot_sapling.uasset" 176
"../../../../../../Gabchan/Unreal/Cropish/Content/Models/carrot_stage2.uasset" 177
"../../../../../../Gabchan/Unreal/Cropish/Content/Assets/Blueprints/Crop_Carrot_BP.uasset" 178
"../../../../../../Gabchan/Unreal/Cropish/Content/Textures/Turnip_Crop/Turnip_Crop_for_Painting_initialShadingGroup_BaseColor.uasset" 179
"../../../../../../Gabchan/Unreal/Cropish/Content/Textures/Turnip_Crop/Turnip_Crop_for_Painting_initialShadingGroup_Roughness.uasset" 180
"../../../../../../Gabchan/Unreal/Cropish/Content/Materials/TurnipMat.uasset" 181
"../../../../../../Gabchan/Unreal/Cropish/Content/Models/turnip_stage1.uasset" 182
"../../../../../../Gabchan/Unreal/Cropish/Content/Models/turnip_stage2.uasset" 183
"../../../../../../Gabchan/Unreal/Cropish/Content/Models/turnip_stage3.uasset" 184
"../../../../../../Gabchan/Unreal/Cropish/Content/Assets/Blueprints/Crop_Turnip_BP.uasset" 185
"../../../../../../Gabchan/Unreal/Cropish/Content/Plant/Grid/CropsWateredInterface.uasset" 186
"../../../../../../Gabchan/Unreal/Cropish/Content/Plant/Grid/TilledLandInterface.uasset" 187
"../../../../../../Gabchan/Unreal/Cropish/Content/Materials/Seed_Mat.uasset" 188
"../../../../../../Gabchan/Unreal/Cropish/Content/Models/seeds_seeds1.uasset" 189
"../../../../../../Gabchan/Unreal/Cropish/Content/Plant/Seed_BP.uasset" 190
"../../../../../../Gabchan/Unreal/Cropish/Content/Plant/Seed_Carrot_BP.uasset" 191
"../../../../../../Gabchan/Unreal/Cropish/Content/Plant/Seed_Turnip_BP.uasset" 192
"../../../../../../Gabchan/Unreal/Cropish/Content/Textures/Ground/tiles.uasset" 193
"../../../../../../Gabchan/Unreal/Cropish/Content/Materials/Tile_tilled_mat.uasset" 194
"../../../Engine/Content/BasicShapes/Plane.uasset" 195
"../../../../../../Gabchan/Unreal/Cropish/Content/Plant/Grid/TilledLand.uasset" 196
"../../../../../../Gabchan/Unreal/Cropish/Content/Textures/Hoe/hoe-normalmap.uasset" 197
"../../../../../../Gabchan/Unreal/Cropish/Content/Textures/Hoe/hoecolour-17.uasset" 198
"../../../../../../Gabchan/Unreal/Cropish/Content/Materials/Hoe_Mat.uasset" 199
"../../../../../../Gabchan/Unreal/Cropish/Content/Audio/SoundEffects/hoe_ground.uasset" 200
"../../../../../../Gabchan/Unreal/Cropish/Content/Models/hoe2.uasset" 201
"../../../../../../Gabchan/Unreal/Cropish/Content/Plant/Hoe.uasset" 202
"../../../../../../Gabchan/Unreal/Cropish/Content/VirtualRealityBP/Blueprints/MotionControllerPawn.uasset" 203
"../../../../../../Gabchan/Unreal/Cropish/Content/Textures/Radish_Crop/Sapling_Uv.uasset" 204
"../../../../../../Gabchan/Unreal/Cropish/Content/Materials/raddish_stage_3Mat.uasset" 205
"../../../../../../Gabchan/Unreal/Cropish/Content/Models/raddish_s1.uasset" 206
"../../../../../../Gabchan/Unreal/Cropish/Content/Textures/Radish_Crop/Radish_UV.uasset" 207
"../../../../../../Gabchan/Unreal/Cropish/Content/Textures/Radish_Crop/Radish_UV_normal_maps.uasset" 208
"../../../../../../Gabchan/Unreal/Cropish/Content/Materials/raddish_stage_1Mat.uasset" 209
"../../../../../../Gabchan/Unreal/Cropish/Content/Models/raddish_s2.uasset" 210
"../../../../../../Gabchan/Unreal/Cropish/Content/Models/raddish_s3.uasset" 211
"../../../../../../Gabchan/Unreal/Cropish/Content/Assets/Blueprints/Crop_BP.uasset" 212
"../../../../../../Gabchan/Unreal/Cropish/Content/Pest/GetCropLocation.uasset" 213
"../../../../../../Gabchan/Unreal/Cropish/Content/Pest/GetRoamLocation_Pest.uasset" 214
"../../../../../../Gabchan/Unreal/Cropish/Content/Pest/SetCropFocus.uasset" 215
"../../../../../../Gabchan/Unreal/Cropish/Content/Pest/Pest_Tree.uasset" 216
"../../../../../../Gabchan/Unreal/Cropish/Content/Pest/Pest_Controller.uasset" 217
"../../../../../../Gabchan/Unreal/Cropish/Content/MixamoAnimPack/Mixamo_Goblin/Materials/goblin_diffuse.uasset" 218
"../../../../../../Gabchan/Unreal/Cropish/Content/MixamoAnimPack/Mixamo_Goblin/Materials/goblin_mask.uasset" 219
"../../../../../../Gabchan/Unreal/Cropish/Content/MixamoAnimPack/Mixamo_Goblin/Materials/goblin_normal.uasset" 220
"../../../../../../Gabchan/Unreal/Cropish/Content/MixamoAnimPack/Mixamo_Goblin/Materials/Goblin_mat.uasset" 221
"../../../../../../Gabchan/Unreal/Cropish/Content/MixamoAnimPack/Mixamo_Goblin/Mesh/Mixamo_Goblin.uasset" 222
"../../../../../../Gabchan/Unreal/Cropish/Content/Pest/Pest.uasset" 223
"../../../../../../Gabchan/Unreal/Cropish/Content/AI/GetPestLocation.uasset" 224
"../../../../../../Gabchan/Unreal/Cropish/Content/AI/GetRoamLocation.uasset" 225
"../../../../../../Gabchan/Unreal/Cropish/Content/AI/SetPestFocus.uasset" 226
"../../../../../../Gabchan/Unreal/Cropish/Content/AI/PlantFriend_Tree.uasset" 227
"../../../../../../Gabchan/Unreal/Cropish/Content/AI/Potato/Potato_Skeleton.uasset" 228
"../../../../../../Gabchan/Unreal/Cropish/Content/AI/Potato/Animation/Potate_Idle_Anim.uasset" 229
"../../../../../../Gabchan/Unreal/Cropish/Content/AI/Potato/Animation/Potate_Run_Anim.uasset" 230
"../../../../../../Gabchan/Unreal/Cropish/Content/AI/Potato/Animation/Potate_Walk_Anim.uasset" 231
"../../../../../../Gabchan/Unreal/Cropish/Content/AI/Potato/Animation/Potate_BS.uasset" 232
"../../../../../../Gabchan/Unreal/Cropish/Content/AI/Potato/Animation/Potato_AnimBP.uasset" 233
"../../../../../../Gabchan/Unreal/Cropish/Content/AI/Potato/Potato_Texture/Potate_Color.uasset" 234
"../../../../../../Gabchan/Unreal/Cropish/Content/AI/Potato/Potato_Texture/Potate_Rough.uasset" 235
"../../../../../../Gabchan/Unreal/Cropish/Content/AI/Potato/potate_mat.uasset" 236
"../../../../../../Gabchan/Unreal/Cropish/Content/AI/Potato/Potate_Idle_PhysicsAsset.uasset" 237
"../../../../../../Gabchan/Unreal/Cropish/Content/AI/Potato/Potato.uasset" 238
"../../../../../../Gabchan/Unreal/Cropish/Content/AI/Potato.uasset" 239
"../../../../../../Gabchan/Unreal/Cropish/Content/AI/PlantFriendAI_Controller.uasset" 240
"../../../../../../Gabchan/Unreal/Cropish/Content/AI/FacePlayer.uasset" 241
"../../../../../../Gabchan/Unreal/Cropish/Content/AI/lambert2.uasset" 242
"../../../../../../Gabchan/Unreal/Cropish/Content/AI/Bird/Birb_lambert10SG_BaseColor1.uasset" 243
"../../../../../../Gabchan/Unreal/Cropish/Content/AI/Bird/Bird.uasset" 244
"../../../../../../Gabchan/Unreal/Cropish/Content/AI/Bird/Birb_Skeleton.uasset" 245
"../../../../../../Gabchan/Unreal/Cropish/Content/AI/Bird/Bird_Peck_PhysicsAsset.uasset" 246
"../../../../../../Gabchan/Unreal/Cropish/Content/AI/Bird/Birb.uasset" 247
"../../../../../../Gabchan/Unreal/Cropish/Content/AI/Bird/Bird_Hop_Anim.uasset" 248
"../../../../../../Gabchan/Unreal/Cropish/Content/AI/Bird/Bird_Idle_Anim.uasset" 249
"../../../../../../Gabchan/Unreal/Cropish/Content/AI/Bird/Bird_Peck_Anim.uasset" 250
"../../../../../../Gabchan/Unreal/Cropish/Content/AI/Bird/Birb_BS.uasset" 251
"../../../../../../Gabchan/Unreal/Cropish/Content/AI/Bird/Birb_AnimationBP.uasset" 252
"../../../../../../Gabchan/Unreal/Cropish/Content/AI/Bird/Birb_lambert10SG_BaseColor.uasset" 253
"../../../../../../Gabchan/Unreal/Cropish/Content/AI/Carrot_Buddy/Carrot.uasset" 254
"../../../../../../Gabchan/Unreal/Cropish/Content/AI/Carrot_Buddy/Glasses.uasset" 255
"../../../../../../Gabchan/Unreal/Cropish/Content/AI/Carrot_Buddy/Carrot_Buddy_PhysicsAsset.uasset" 256
"../../../../../../Gabchan/Unreal/Cropish/Content/AI/Carrot_Buddy/Carrot_Buddy_Skeleton.uasset" 257
"../../../../../../Gabchan/Unreal/Cropish/Content/AI/Carrot_Buddy/Carrot_Buddy.uasset" 258
"../../../../../../Gabchan/Unreal/Cropish/Content/AI/Fixed_Rad/Radish_Physics.uasset" 259
"../../../../../../Gabchan/Unreal/Cropish/Content/AI/Rad/lambert2.uasset" 260
"../../../../../../Gabchan/Unreal/Cropish/Content/AI/Rad/Radish_PhysicsAsset.uasset" 261
"../../../../../../Gabchan/Unreal/Cropish/Content/AI/Rad/Radish.uasset" 262
"../../../../../../Gabchan/Unreal/Cropish/Content/AI/Rad/Radish_Idle_Skeleton_BlendSpace.uasset" 263
"../../../../../../Gabchan/Unreal/Cropish/Content/AI/Rad/Animations/Radish_Walk_Anim.uasset" 264
"../../../../../../Gabchan/Unreal/Cropish/Content/Assets/Materials/Textures/Ground.uasset" 265
"../../../../../../Gabchan/Unreal/Cropish/Content/Assets/Materials/Ground.uasset" 266
"../../../../../../Gabchan/Unreal/Cropish/Content/Assets/Materials/Test_Crop/Stage1.uasset" 267
"../../../../../../Gabchan/Unreal/Cropish/Content/Assets/Meshes/stage1.uasset" 268
"../../../../../../Gabchan/Unreal/Cropish/Content/Assets/Materials/Test_Crop/Stage2.uasset" 269
"../../../../../../Gabchan/Unreal/Cropish/Content/Assets/Meshes/stage1_2.uasset" 270
"../../../../../../Gabchan/Unreal/Cropish/Content/Assets/Materials/Test_Crop/Stage3.uasset" 271
"../../../../../../Gabchan/Unreal/Cropish/Content/Assets/Meshes/stage1_3.uasset" 272
"../../../../../../Gabchan/Unreal/Cropish/Content/Assets/Materials/Test_Crop/Crop.uasset" 273
"../../../../../../Gabchan/Unreal/Cropish/Content/Assets/Meshes/stage1_4.uasset" 274
"../../../../../../Gabchan/Unreal/Cropish/Content/Assets/Particles/Smoke.uasset" 275
"../../../../../../Gabchan/Unreal/Cropish/Content/Audio/SoundEffects/Amb_night_dist_city_01.uasset" 276
"../../../../../../Gabchan/Unreal/Cropish/Content/Audio/SoundEffects/teleport.uasset" 277
"../../../../../../Gabchan/Unreal/Cropish/Content/Blueprints/Test/tutorial_Blueprint.uasset" 278
"../../../../../../Gabchan/Unreal/Cropish/Content/Geometry/Meshes/1M_Cube_Chamfer.uasset" 279
"../../../../../../Gabchan/Unreal/Cropish/Content/Geometry/Meshes/TemplateFloor.uasset" 280
"../../../../../../Gabchan/Unreal/Cropish/Content/Inventory/ButtonSeed.uasset" 281
"../../../../../../Gabchan/Unreal/Cropish/Content/Landscape/M_MasterLandscape_NON_Tessellation.uasset" 282
"../../../Engine/Content/Functions/Engine_MaterialFunctions02/Utility/VectorLength.uasset" 283
"../../../../../../Gabchan/Unreal/Cropish/Content/Landscape/M_MasterLandscape_Tessellation.uasset" 284
"../../../../../../Gabchan/Unreal/Cropish/Content/Textures/Ground/lighter_leaves.uasset" 285
"../../../../../../Gabchan/Unreal/Cropish/Content/Materials/Grid_Mat.uasset" 286
"../../../../../../Gabchan/Unreal/Cropish/Content/Textures/Ground/soil.uasset" 287
"../../../../../../Gabchan/Unreal/Cropish/Content/Materials/soilMat.uasset" 288
"../../../../../../Gabchan/Unreal/Cropish/Content/MixamoAnimPack/Mixamo_Alpha/Anims/Mixamo_Alpha_Skeleton.uasset" 289
"../../../../../../Gabchan/Unreal/Cropish/Content/MixamoAnimPack/Mixamo_Alpha/Anims/mixamo_jump.uasset" 290
"../../../../../../Gabchan/Unreal/Cropish/Content/MixamoAnimPack/Mixamo_Alpha/Anims/mixamo_runningJump.uasset" 291
"../../../../../../Gabchan/Unreal/Cropish/Content/MixamoAnimPack/Mixamo_Alpha/Anims/mixamo_Shooting.uasset" 292
"../../../../../../Gabchan/Unreal/Cropish/Content/MixamoAnimPack/Mixamo_Alpha/Anims/mixamo_idle.uasset" 293
"../../../../../../Gabchan/Unreal/Cropish/Content/MixamoAnimPack/Mixamo_Alpha/Anims/mixamo_run.uasset" 294
"../../../../../../Gabchan/Unreal/Cropish/Content/MixamoAnimPack/Mixamo_Alpha/Anims/mixamo_walk.uasset" 295
"../../../../../../Gabchan/Unreal/Cropish/Content/MixamoAnimPack/Mixamo_Alpha/Anims/MixamoBlend_Alpha_1D.uasset" 296
"../../../../../../Gabchan/Unreal/Cropish/Content/MixamoAnimPack/Mixamo_Alpha/Anims/MixamoAnimBP_Alpha.uasset" 297
"../../../../../../Gabchan/Unreal/Cropish/Content/MixamoAnimPack/Mixamo_Alpha/Materials/Alpha_Body_MAT.uasset" 298
"../../../../../../Gabchan/Unreal/Cropish/Content/MixamoAnimPack/Mixamo_Alpha/Materials/Alpha_Joints_MAT.uasset" 299
"../../../../../../Gabchan/Unreal/Cropish/Content/MixamoAnimPack/Mixamo_Alpha/Mesh/Maximo_Alpha_Physics.uasset" 300
"../../../../../../Gabchan/Unreal/Cropish/Content/MixamoAnimPack/Mixamo_Alpha/Mesh/Maximo_Alpha.uasset" 301
"../../../../../../Gabchan/Unreal/Cropish/Content/MixamoAnimPack/Mixamo_Alpha/Mixamo_Alpha.uasset" 302
"../../../../../../Gabchan/Unreal/Cropish/Content/MixamoAnimPack/MixamoGame.uasset" 303
"../../../../../../Gabchan/Unreal/Cropish/Content/MixamoAnimPack/Mixamo_Adam/Anims/Mixamo_Adam_Skeleton.uasset" 304
"../../../../../../Gabchan/Unreal/Cropish/Content/MixamoAnimPack/Mixamo_Adam/Anims/Mixamo_Adam_jump.uasset" 305
"../../../../../../Gabchan/Unreal/Cropish/Content/MixamoAnimPack/Mixamo_Adam/Anims/Mixamo_Adam_Running_Jump.uasset" 306
"../../../../../../Gabchan/Unreal/Cropish/Content/MixamoAnimPack/Mixamo_Adam/Anims/Mixamo_Adam_Shooting.uasset" 307
"../../../../../../Gabchan/Unreal/Cropish/Content/MixamoAnimPack/Mixamo_Adam/Anims/Mixamo_Adam_idle.uasset" 308
"../../../../../../Gabchan/Unreal/Cropish/Content/MixamoAnimPack/Mixamo_Adam/Anims/Mixamo_Adam_run.uasset" 309
"../../../../../../Gabchan/Unreal/Cropish/Content/MixamoAnimPack/Mixamo_Adam/Anims/Mixamo_Adam_walk.uasset" 310
"../../../../../../Gabchan/Unreal/Cropish/Content/MixamoAnimPack/Mixamo_Adam/Anims/MixamoBlend_Adam_1D.uasset" 311
"../../../../../../Gabchan/Unreal/Cropish/Content/MixamoAnimPack/Mixamo_Adam/Anims/MixamoAnimBP_Adam.uasset" 312
"../../../../../../Gabchan/Unreal/Cropish/Content/MixamoAnimPack/Mixamo_Adam/Materials/GC_Clothes_COL_2k.uasset" 313
"../../../../../../Gabchan/Unreal/Cropish/Content/MixamoAnimPack/Mixamo_Adam/Materials/GC_Clothes_mask_2k.uasset" 314
"../../../../../../Gabchan/Unreal/Cropish/Content/MixamoAnimPack/Mixamo_Adam/Materials/GC_Clothes_NM_2k.uasset" 315
"../../../../../../Gabchan/Unreal/Cropish/Content/MixamoAnimPack/Mixamo_Adam/Materials/M_Maximo_Adam_Body.uasset" 316
"../../../../../../Gabchan/Unreal/Cropish/Content/MixamoAnimPack/Mixamo_Adam/Materials/GC_Skin_COL_2k_diffuse.uasset" 317
"../../../../../../Gabchan/Unreal/Cropish/Content/MixamoAnimPack/Mixamo_Adam/Materials/GC_Skin_Mask_2k.uasset" 318
"../../../../../../Gabchan/Unreal/Cropish/Content/MixamoAnimPack/Mixamo_Adam/Materials/GC_Skin_NM_2k.uasset" 319
"../../../../../../Gabchan/Unreal/Cropish/Content/MixamoAnimPack/Mixamo_Adam/Materials/M_Maximo_Adam_Face.uasset" 320
"../../../../../../Gabchan/Unreal/Cropish/Content/MixamoAnimPack/Mixamo_Adam/Mesh/Maximo_Adam.uasset" 321
"../../../../../../Gabchan/Unreal/Cropish/Content/MixamoAnimPack/Mixamo_Adam/Mixamo_Adam.uasset" 322
"../../../../../../Gabchan/Unreal/Cropish/Content/MixamoAnimPack/Mixamo_Adam/Anims/Mixamo_Adam_Sword_Slash.uasset" 323
"../../../../../../Gabchan/Unreal/Cropish/Content/MixamoAnimPack/Mixamo_Adam/Materials/M_Maximo_Adam_Clothes.uasset" 324
"../../../../../../Gabchan/Unreal/Cropish/Content/MixamoAnimPack/Mixamo_Adam/Materials/M_Maximo_Adam_Skin.uasset" 325
"../../../../../../Gabchan/Unreal/Cropish/Content/MixamoAnimPack/Mixamo_Adam/Mesh/Adam_PhysicsAsset.uasset" 326
"../../../../../../Gabchan/Unreal/Cropish/Content/MixamoAnimPack/Mixamo_Alpha/Anims/mixamo_Sword_Swing.uasset" 327
"../../../../../../Gabchan/Unreal/Cropish/Content/MixamoAnimPack/Mixamo_Alpha/Materials/Alpha_Body.uasset" 328
"../../../../../../Gabchan/Unreal/Cropish/Content/MixamoAnimPack/Mixamo_Alpha/Materials/Alpha_Joints.uasset" 329
"../../../../../../Gabchan/Unreal/Cropish/Content/MixamoAnimPack/Mixamo_ExoRed/Anims/ExoRed_Skeleton.uasset" 330
"../../../../../../Gabchan/Unreal/Cropish/Content/MixamoAnimPack/Mixamo_ExoRed/Anims/Exo_Jump_Copy.uasset" 331
"../../../../../../Gabchan/Unreal/Cropish/Content/MixamoAnimPack/Mixamo_ExoRed/Anims/Exo_Running_Jump_Copy.uasset" 332
"../../../../../../Gabchan/Unreal/Cropish/Content/MixamoAnimPack/Mixamo_ExoRed/Anims/Exo_Shooting_Copy.uasset" 333
"../../../../../../Gabchan/Unreal/Cropish/Content/MixamoAnimPack/Mixamo_ExoRed/Anims/Exo_Idle_Copy.uasset" 334
"../../../../../../Gabchan/Unreal/Cropish/Content/MixamoAnimPack/Mixamo_ExoRed/Anims/Exo_Run_Copy.uasset" 335
"../../../../../../Gabchan/Unreal/Cropish/Content/MixamoAnimPack/Mixamo_ExoRed/Anims/Exo_Walk_Copy.uasset" 336
"../../../../../../Gabchan/Unreal/Cropish/Content/MixamoAnimPack/Mixamo_ExoRed/Anims/MixamoBlend_ExoRed_1D.uasset" 337
"../../../../../../Gabchan/Unreal/Cropish/Content/MixamoAnimPack/Mixamo_ExoRed/Anims/MixamoAnimBP_ExoRed.uasset" 338
"../../../../../../Gabchan/Unreal/Cropish/Content/MixamoAnimPack/Mixamo_ExoRed/Materials/EXO_normal.uasset" 339
"../../../../../../Gabchan/Unreal/Cropish/Content/MixamoAnimPack/Mixamo_ExoRed/Materials/RED_EXO_diffuse.uasset" 340
"../../../../../../Gabchan/Unreal/Cropish/Content/MixamoAnimPack/Mixamo_ExoRed/Materials/RED_EXO_mask.uasset" 341
"../../../../../../Gabchan/Unreal/Cropish/Content/MixamoAnimPack/Mixamo_ExoRed/Materials/Exo_Red_Armor.uasset" 342
"../../../../../../Gabchan/Unreal/Cropish/Content/MixamoAnimPack/Mixamo_ExoRed/Materials/BODY_mask.uasset" 343
"../../../../../../Gabchan/Unreal/Cropish/Content/MixamoAnimPack/Mixamo_ExoRed/Materials/BODY_normal.uasset" 344
"../../../../../../Gabchan/Unreal/Cropish/Content/MixamoAnimPack/Mixamo_ExoRed/Materials/RED_BODY_diffuse.uasset" 345
"../../../../../../Gabchan/Unreal/Cropish/Content/MixamoAnimPack/Mixamo_ExoRed/Materials/Exo_Red_Bod.uasset" 346
"../../../../../../Gabchan/Unreal/Cropish/Content/MixamoAnimPack/Mixamo_ExoRed/Mesh/ExoRed_PhysicsAsset.uasset" 347
"../../../../../../Gabchan/Unreal/Cropish/Content/MixamoAnimPack/Mixamo_ExoRed/Mesh/Maximo_ExoRed.uasset" 348
"../../../../../../Gabchan/Unreal/Cropish/Content/MixamoAnimPack/Mixamo_ExoRed/Mixamo_ExoRed.uasset" 349
"../../../../../../Gabchan/Unreal/Cropish/Content/MixamoAnimPack/Mixamo_ExoRed/Anims/Exo_Sword_Swing_Copy.uasset" 350
"../../../../../../Gabchan/Unreal/Cropish/Content/MixamoAnimPack/Mixamo_Ganfault/Anims/Mixamo_Ganfault_Skeleton.uasset" 351
"../../../../../../Gabchan/Unreal/Cropish/Content/MixamoAnimPack/Mixamo_Ganfault/Anims/Mixamo_Ganfault__jump.uasset" 352
"../../../../../../Gabchan/Unreal/Cropish/Content/MixamoAnimPack/Mixamo_Ganfault/Anims/Mixamo_Ganfault_Jump.uasset" 353
"../../../../../../Gabchan/Unreal/Cropish/Content/MixamoAnimPack/Mixamo_Ganfault/Anims/Mixamo_Ganfault_Sword_Slash.uasset" 354
"../../../../../../Gabchan/Unreal/Cropish/Content/MixamoAnimPack/Mixamo_Ganfault/Anims/Mixamo_Ganfault_idle.uasset" 355
"../../../../../../Gabchan/Unreal/Cropish/Content/MixamoAnimPack/Mixamo_Ganfault/Anims/Mixamo_Ganfault_Run.uasset" 356
"../../../../../../Gabchan/Unreal/Cropish/Content/MixamoAnimPack/Mixamo_Ganfault/Anims/Mixamo_Ganfault_Walk.uasset" 357
"../../../../../../Gabchan/Unreal/Cropish/Content/MixamoAnimPack/Mixamo_Ganfault/Anims/MixamoBlend_Ganfault_1D.uasset" 358
"../../../../../../Gabchan/Unreal/Cropish/Content/MixamoAnimPack/Mixamo_Ganfault/Anims/MixamoAnimBP_GanFaul.uasset" 359
"../../../../../../Gabchan/Unreal/Cropish/Content/MixamoAnimPack/Mixamo_Ganfault/Materials/Ganfaul_diffuse.uasset" 360
"../../../../../../Gabchan/Unreal/Cropish/Content/MixamoAnimPack/Mixamo_Ganfault/Materials/Ganfaul_glow.uasset" 361
"../../../../../../Gabchan/Unreal/Cropish/Content/MixamoAnimPack/Mixamo_Ganfault/Materials/Ganfaul_mask.uasset" 362
"../../../../../../Gabchan/Unreal/Cropish/Content/MixamoAnimPack/Mixamo_Ganfault/Materials/Ganfaul_normal.uasset" 363
"../../../../../../Gabchan/Unreal/Cropish/Content/MixamoAnimPack/Mixamo_Ganfault/Materials/Ganfaul_Mat.uasset" 364
"../../../../../../Gabchan/Unreal/Cropish/Content/MixamoAnimPack/Mixamo_Ganfault/Materials/Ganfaul_Mat_Inst.uasset" 365
"../../../../../../Gabchan/Unreal/Cropish/Content/MixamoAnimPack/Mixamo_Ganfault/Mesh/Mixamo_Ganfault_Aure_Physics.uasset" 366
"../../../../../../Gabchan/Unreal/Cropish/Content/MixamoAnimPack/Mixamo_Ganfault/Mesh/Mixamo_Ganfault_Aure.uasset" 367
"../../../../../../Gabchan/Unreal/Cropish/Content/MixamoAnimPack/Mixamo_Ganfault/Mixamo_Ganfault.uasset" 368
"../../../../../../Gabchan/Unreal/Cropish/Content/MixamoAnimPack/Mixamo_Ganfault/Anims/Mixamo_Ganfault_Shooting.uasset" 369
"../../../../../../Gabchan/Unreal/Cropish/Content/MixamoAnimPack/Mixamo_Ganfault/Materials/Ganfaul_specular.uasset" 370
"../../../../../../Gabchan/Unreal/Cropish/Content/MixamoAnimPack/Mixamo_Goblin/Mixamo_Goblin.uasset" 371
"../../../../../../Gabchan/Unreal/Cropish/Content/MixamoAnimPack/Mixamo_Goblin/Anims/Mixamo_Goblin_Shooting.uasset" 372
"../../../../../../Gabchan/Unreal/Cropish/Content/MixamoAnimPack/Mixamo_Goblin/Materials/goblin_specular.uasset" 373
"../../../../../../Gabchan/Unreal/Cropish/Content/MixamoAnimPack/Mixamo_Goblin/Mesh/Goblin_PhysicsAsset.uasset" 374
"../../../../../../Gabchan/Unreal/Cropish/Content/MixamoAnimPack/Mixamo_Heraklios/Anims/Mixamo_Heraklios_Skeleton.uasset" 375
"../../../../../../Gabchan/Unreal/Cropish/Content/MixamoAnimPack/Mixamo_Heraklios/Anims/Mixamo_Heraklios_jump.uasset" 376
"../../../../../../Gabchan/Unreal/Cropish/Content/MixamoAnimPack/Mixamo_Heraklios/Anims/Mixamo_Heraklios_Running_Jump.uasset" 377
"../../../../../../Gabchan/Unreal/Cropish/Content/MixamoAnimPack/Mixamo_Heraklios/Anims/Mixamo_Heraklios_Sword_Slash.uasset" 378
"../../../../../../Gabchan/Unreal/Cropish/Content/MixamoAnimPack/Mixamo_Heraklios/Anims/Mixamo_Heraklios_idle.uasset" 379
"../../../../../../Gabchan/Unreal/Cropish/Content/MixamoAnimPack/Mixamo_Heraklios/Anims/Mixamo_Heraklios_Run.uasset" 380
"../../../../../../Gabchan/Unreal/Cropish/Content/MixamoAnimPack/Mixamo_Heraklios/Anims/Mixamo_Heraklios_Walk.uasset" 381
"../../../../../../Gabchan/Unreal/Cropish/Content/MixamoAnimPack/Mixamo_Heraklios/Anims/MixamoBlend_Heraklios_1D.uasset" 382
"../../../../../../Gabchan/Unreal/Cropish/Content/MixamoAnimPack/Mixamo_Heraklios/Anims/MixamoAnimBP_Heraklios.uasset" 383
"../../../../../../Gabchan/Unreal/Cropish/Content/MixamoAnimPack/Mixamo_Heraklios/Materials/battalion-leader-heraklios_diffuse.uasset" 384
"../../../../../../Gabchan/Unreal/Cropish/Content/MixamoAnimPack/Mixamo_Heraklios/Materials/battalion-leader-heraklios_mask.uasset" 385
"../../../../../../Gabchan/Unreal/Cropish/Content/MixamoAnimPack/Mixamo_Heraklios/Materials/battalion-leader-heraklios_normal.uasset" 386
"../../../../../../Gabchan/Unreal/Cropish/Content/MixamoAnimPack/Mixamo_Heraklios/Materials/Heraklios_Mat.uasset" 387
"../../../../../../Gabchan/Unreal/Cropish/Content/MixamoAnimPack/Mixamo_Heraklios/Materials/Heraklios_Mat_Inst.uasset" 388
"../../../../../../Gabchan/Unreal/Cropish/Content/MixamoAnimPack/Mixamo_Heraklios/Mesh/Mixamo_Heraklios_Physics.uasset" 389
"../../../../../../Gabchan/Unreal/Cropish/Content/MixamoAnimPack/Mixamo_Heraklios/Mesh/Mixamo_Heraklios.uasset" 390
"../../../../../../Gabchan/Unreal/Cropish/Content/MixamoAnimPack/Mixamo_Heraklios/Mixamo_Heraklios.uasset" 391
"../../../../../../Gabchan/Unreal/Cropish/Content/MixamoAnimPack/Mixamo_Heraklios/Anims/Mixamo_Heraklios_Shooting.uasset" 392
"../../../../../../Gabchan/Unreal/Cropish/Content/MixamoAnimPack/Mixamo_Jill/Anims/Jill_Skeleton.uasset" 393
"../../../../../../Gabchan/Unreal/Cropish/Content/MixamoAnimPack/Mixamo_Jill/Anims/Jill_jump.uasset" 394
"../../../../../../Gabchan/Unreal/Cropish/Content/MixamoAnimPack/Mixamo_Jill/Anims/Jill_Running_Jump.uasset" 395
"../../../../../../Gabchan/Unreal/Cropish/Content/MixamoAnimPack/Mixamo_Jill/Anims/Jill_Sword_Slash.uasset" 396
"../../../../../../Gabchan/Unreal/Cropish/Content/MixamoAnimPack/Mixamo_Jill/Anims/Jill_idle.uasset" 397
"../../../../../../Gabchan/Unreal/Cropish/Content/MixamoAnimPack/Mixamo_Jill/Anims/Jill_Run.uasset" 398
"../../../../../../Gabchan/Unreal/Cropish/Content/MixamoAnimPack/Mixamo_Jill/Anims/Jill_Walk.uasset" 399
"../../../../../../Gabchan/Unreal/Cropish/Content/MixamoAnimPack/Mixamo_Jill/Anims/MixamoBlend_Jill_1D.uasset" 400
"../../../../../../Gabchan/Unreal/Cropish/Content/MixamoAnimPack/Mixamo_Jill/Anims/MixamoAnimBP_Jill.uasset" 401
"../../../../../../Gabchan/Unreal/Cropish/Content/MixamoAnimPack/Mixamo_Jill/Materials/Jill_HiMidRes_diffuse.uasset" 402
"../../../../../../Gabchan/Unreal/Cropish/Content/MixamoAnimPack/Mixamo_Jill/Materials/Jill_HiMidRes_mask.uasset" 403
"../../../../../../Gabchan/Unreal/Cropish/Content/MixamoAnimPack/Mixamo_Jill/Materials/Jill_HiMidRes_normal.uasset" 404
"../../../../../../Gabchan/Unreal/Cropish/Content/MixamoAnimPack/Mixamo_Jill/Materials/Jill_Mat.uasset" 405
"../../../../../../Gabchan/Unreal/Cropish/Content/MixamoAnimPack/Mixamo_Jill/Mesh/Jill_Physics.uasset" 406
"../../../../../../Gabchan/Unreal/Cropish/Content/MixamoAnimPack/Mixamo_Jill/Mesh/Jill.uasset" 407
"../../../../../../Gabchan/Unreal/Cropish/Content/MixamoAnimPack/Mixamo_Jill/Mixamo_Jill.uasset" 408
"../../../../../../Gabchan/Unreal/Cropish/Content/MixamoAnimPack/Mixamo_Jill/Anims/Jill_Shooting.uasset" 409
"../../../../../../Gabchan/Unreal/Cropish/Content/MixamoAnimPack/Mixamo_Kachujin/Anims/Kachujin_G_Rosales_Skeleton.uasset" 410
"../../../../../../Gabchan/Unreal/Cropish/Content/MixamoAnimPack/Mixamo_Kachujin/Anims/Kachujin_G_Rosales_jump.uasset" 411
"../../../../../../Gabchan/Unreal/Cropish/Content/MixamoAnimPack/Mixamo_Kachujin/Anims/Kachujin_G_Rosales_Running_Jump.uasset" 412
"../../../../../../Gabchan/Unreal/Cropish/Content/MixamoAnimPack/Mixamo_Kachujin/Anims/Kachujin_G_Rosales_Sword_Swing.uasset" 413
"../../../../../../Gabchan/Unreal/Cropish/Content/MixamoAnimPack/Mixamo_Kachujin/Anims/Kachujin_G_Rosales_idle.uasset" 414
"../../../../../../Gabchan/Unreal/Cropish/Content/MixamoAnimPack/Mixamo_Kachujin/Anims/Kachujin_G_Rosales_Run.uasset" 415
"../../../../../../Gabchan/Unreal/Cropish/Content/MixamoAnimPack/Mixamo_Kachujin/Anims/Kachujin_G_Rosales_Walk.uasset" 416
"../../../../../../Gabchan/Unreal/Cropish/Content/MixamoAnimPack/Mixamo_Kachujin/Anims/MixamoBlend_Kachujin_1D.uasset" 417
"../../../../../../Gabchan/Unreal/Cropish/Content/MixamoAnimPack/Mixamo_Kachujin/Anims/MixamoAnimBP_Kachujin.uasset" 418
"../../../../../../Gabchan/Unreal/Cropish/Content/MixamoAnimPack/Mixamo_Kachujin/Materials/Kachujin_diffuse.uasset" 419
"../../../../../../Gabchan/Unreal/Cropish/Content/MixamoAnimPack/Mixamo_Kachujin/Materials/Kachujin_Mask.uasset" 420
"../../../../../../Gabchan/Unreal/Cropish/Content/MixamoAnimPack/Mixamo_Kachujin/Materials/Kachujin_normal.uasset" 421
"../../../../../../Gabchan/Unreal/Cropish/Content/MixamoAnimPack/Mixamo_Kachujin/Materials/Kachujin_Mat.uasset" 422
"../../../../../../Gabchan/Unreal/Cropish/Content/MixamoAnimPack/Mixamo_Kachujin/Mesh/Kachujin_G_Rosales_Physics.uasset" 423
"../../../../../../Gabchan/Unreal/Cropish/Content/MixamoAnimPack/Mixamo_Kachujin/Mesh/Kachujin_G_Rosales.uasset" 424
"../../../../../../Gabchan/Unreal/Cropish/Content/MixamoAnimPack/Mixamo_Kachujin/Mixamo_Kachujin.uasset" 425
"../../../../../../Gabchan/Unreal/Cropish/Content/MixamoAnimPack/Mixamo_Kachujin/Anims/Kachujin_G_Rosales_Shooting.uasset" 426
"../../../../../../Gabchan/Unreal/Cropish/Content/MixamoAnimPack/Mixamo_Kachujin/Materials/Kachujin_specular.uasset" 427
"../../../../../../Gabchan/Unreal/Cropish/Content/MixamoAnimPack/Mixamo_Maria/Anims/Maria_J_J_Ong_Skeleton.uasset" 428
"../../../../../../Gabchan/Unreal/Cropish/Content/MixamoAnimPack/Mixamo_Maria/Anims/Maria_J_J_Ong_jump.uasset" 429
"../../../../../../Gabchan/Unreal/Cropish/Content/MixamoAnimPack/Mixamo_Maria/Anims/Maria_J_J_Ong_Running_Jump.uasset" 430
"../../../../../../Gabchan/Unreal/Cropish/Content/MixamoAnimPack/Mixamo_Maria/Anims/Maria_J_J_Ong_Sword_Swing.uasset" 431
"../../../../../../Gabchan/Unreal/Cropish/Content/MixamoAnimPack/Mixamo_Maria/Anims/Maria_J_J_Ong_idle.uasset" 432
"../../../../../../Gabchan/Unreal/Cropish/Content/MixamoAnimPack/Mixamo_Maria/Anims/Maria_J_J_Ong_Run.uasset" 433
"../../../../../../Gabchan/Unreal/Cropish/Content/MixamoAnimPack/Mixamo_Maria/Anims/Maria_J_J_Ong_Walk.uasset" 434
"../../../../../../Gabchan/Unreal/Cropish/Content/MixamoAnimPack/Mixamo_Maria/Anims/MixamoBlend_Maria_1D.uasset" 435
"../../../../../../Gabchan/Unreal/Cropish/Content/MixamoAnimPack/Mixamo_Maria/Anims/MixamoAnimBP_Maria.uasset" 436
"../../../../../../Gabchan/Unreal/Cropish/Content/MixamoAnimPack/Mixamo_Maria/Materials/maria_diffuse.uasset" 437
"../../../../../../Gabchan/Unreal/Cropish/Content/MixamoAnimPack/Mixamo_Maria/Materials/maria_mask.uasset" 438
"../../../../../../Gabchan/Unreal/Cropish/Content/MixamoAnimPack/Mixamo_Maria/Materials/maria_normal.uasset" 439
"../../../../../../Gabchan/Unreal/Cropish/Content/MixamoAnimPack/Mixamo_Maria/Materials/Maria_Mat.uasset" 440
"../../../../../../Gabchan/Unreal/Cropish/Content/MixamoAnimPack/Mixamo_Maria/Mesh/Maria_PhysicsAssets.uasset" 441
"../../../../../../Gabchan/Unreal/Cropish/Content/MixamoAnimPack/Mixamo_Maria/Mesh/Maximo_Maria.uasset" 442
"../../../../../../Gabchan/Unreal/Cropish/Content/MixamoAnimPack/Mixamo_Maria/Mixamo_Maria.uasset" 443
"../../../../../../Gabchan/Unreal/Cropish/Content/MixamoAnimPack/Mixamo_Maria/Anims/Maria_J_J_Ong_Shooting.uasset" 444
"../../../../../../Gabchan/Unreal/Cropish/Content/MixamoAnimPack/Mixamo_Maw/Anims/Maw_J_Laygo_Skeleton.uasset" 445
"../../../../../../Gabchan/Unreal/Cropish/Content/MixamoAnimPack/Mixamo_Maw/Anims/Maw_J_Laygo_jump.uasset" 446
"../../../../../../Gabchan/Unreal/Cropish/Content/MixamoAnimPack/Mixamo_Maw/Anims/Maw_J_Laygo_Running_Jump.uasset" 447
"../../../../../../Gabchan/Unreal/Cropish/Content/MixamoAnimPack/Mixamo_Maw/Anims/Maw_J_Laygo_Sword_Swing.uasset" 448
"../../../../../../Gabchan/Unreal/Cropish/Content/MixamoAnimPack/Mixamo_Maw/Anims/Maw_J_Laygo_idle.uasset" 449
"../../../../../../Gabchan/Unreal/Cropish/Content/MixamoAnimPack/Mixamo_Maw/Anims/Maw_J_Laygo_Run.uasset" 450
"../../../../../../Gabchan/Unreal/Cropish/Content/MixamoAnimPack/Mixamo_Maw/Anims/Maw_J_Laygo_Walk.uasset" 451
"../../../../../../Gabchan/Unreal/Cropish/Content/MixamoAnimPack/Mixamo_Maw/Anims/MixamoBlend_Maw_1D.uasset" 452
"../../../../../../Gabchan/Unreal/Cropish/Content/MixamoAnimPack/Mixamo_Maw/Anims/MixamoAnimBP_Maw.uasset" 453
"../../../../../../Gabchan/Unreal/Cropish/Content/MixamoAnimPack/Mixamo_Maw/Materials/MAW_diffuse.uasset" 454
"../../../../../../Gabchan/Unreal/Cropish/Content/MixamoAnimPack/Mixamo_Maw/Materials/MAW_glow.uasset" 455
"../../../../../../Gabchan/Unreal/Cropish/Content/MixamoAnimPack/Mixamo_Maw/Materials/MAW_mask.uasset" 456
"../../../../../../Gabchan/Unreal/Cropish/Content/MixamoAnimPack/Mixamo_Maw/Materials/MAW_normal.uasset" 457
"../../../../../../Gabchan/Unreal/Cropish/Content/MixamoAnimPack/Mixamo_Maw/Materials/Maw_Mat.uasset" 458
"../../../../../../Gabchan/Unreal/Cropish/Content/MixamoAnimPack/Mixamo_Maw/Mesh/Maw_J_Laygo_Physics.uasset" 459
"../../../../../../Gabchan/Unreal/Cropish/Content/MixamoAnimPack/Mixamo_Maw/Mesh/Maw_J_Laygo.uasset" 460
"../../../../../../Gabchan/Unreal/Cropish/Content/MixamoAnimPack/Mixamo_Maw/Mixamo_Maw.uasset" 461
"../../../../../../Gabchan/Unreal/Cropish/Content/MixamoAnimPack/Mixamo_Maw/Anims/Maw_J_Laygo_Shooting.uasset" 462
"../../../../../../Gabchan/Unreal/Cropish/Content/MixamoAnimPack/Mixamo_Mortimer/Anims/Mortimer_Skeleton.uasset" 463
"../../../../../../Gabchan/Unreal/Cropish/Content/MixamoAnimPack/Mixamo_Mortimer/Anims/Mortimer_jump.uasset" 464
"../../../../../../Gabchan/Unreal/Cropish/Content/MixamoAnimPack/Mixamo_Mortimer/Anims/Mortimer_Running_Jump.uasset" 465
"../../../../../../Gabchan/Unreal/Cropish/Content/MixamoAnimPack/Mixamo_Mortimer/Anims/Mortimer_Sword_Slash.uasset" 466
"../../../../../../Gabchan/Unreal/Cropish/Content/MixamoAnimPack/Mixamo_Mortimer/Anims/Mortimer_idle.uasset" 467
"../../../../../../Gabchan/Unreal/Cropish/Content/MixamoAnimPack/Mixamo_Mortimer/Anims/Mortimer_Run.uasset" 468
"../../../../../../Gabchan/Unreal/Cropish/Content/MixamoAnimPack/Mixamo_Mortimer/Anims/Mortimer_Walk.uasset" 469
"../../../../../../Gabchan/Unreal/Cropish/Content/MixamoAnimPack/Mixamo_Mortimer/Anims/MixamoBlend_Mortimer_1D.uasset" 470
"../../../../../../Gabchan/Unreal/Cropish/Content/MixamoAnimPack/Mixamo_Mortimer/Anims/MixamoAnimBP_Mortimer.uasset" 471
"../../../../../../Gabchan/Unreal/Cropish/Content/MixamoAnimPack/Mixamo_Mortimer/Materials/Mortimer_diffuse.uasset" 472
"../../../../../../Gabchan/Unreal/Cropish/Content/MixamoAnimPack/Mixamo_Mortimer/Materials/Mortimer_normal.uasset" 473
"../../../../../../Gabchan/Unreal/Cropish/Content/MixamoAnimPack/Mixamo_Mortimer/Materials/Mort_Alpha.uasset" 474
"../../../../../../Gabchan/Unreal/Cropish/Content/MixamoAnimPack/Mixamo_Mortimer/Materials/Mortimer_mask.uasset" 475
"../../../../../../Gabchan/Unreal/Cropish/Content/MixamoAnimPack/Mixamo_Mortimer/Materials/Mort_Mat.uasset" 476
"../../../../../../Gabchan/Unreal/Cropish/Content/MixamoAnimPack/Mixamo_Mortimer/Mesh/Mortimer_Physics.uasset" 477
"../../../../../../Gabchan/Unreal/Cropish/Content/MixamoAnimPack/Mixamo_Mortimer/Mesh/Mortimer.uasset" 478
"../../../../../../Gabchan/Unreal/Cropish/Content/MixamoAnimPack/Mixamo_Mortimer/Mixamo_Mortimer.uasset" 479
"../../../../../../Gabchan/Unreal/Cropish/Content/MixamoAnimPack/Mixamo_Mortimer/Anims/Mortimer_Shooting.uasset" 480
"../../../../../../Gabchan/Unreal/Cropish/Content/MixamoAnimPack/Mixamo_Mortimer/Materials/Mortimer_specular.uasset" 481
"../../../../../../Gabchan/Unreal/Cropish/Content/MixamoAnimPack/Mixamo_SWAT/Anims/SWAT_Skeleton.uasset" 482
"../../../../../../Gabchan/Unreal/Cropish/Content/MixamoAnimPack/Mixamo_SWAT/Anims/Maximo_Swat_Running_Jump.uasset" 483
"../../../../../../Gabchan/Unreal/Cropish/Content/MixamoAnimPack/Mixamo_SWAT/Anims/Maximo_Swat_Shooting.uasset" 484
"../../../../../../Gabchan/Unreal/Cropish/Content/MixamoAnimPack/Mixamo_SWAT/Anims/Maximo_Swat_Swat_Jump.uasset" 485
"../../../../../../Gabchan/Unreal/Cropish/Content/MixamoAnimPack/Mixamo_SWAT/Anims/Maximo_Swat_Idle.uasset" 486
"../../../../../../Gabchan/Unreal/Cropish/Content/MixamoAnimPack/Mixamo_SWAT/Anims/Maximo_Swat_Swat_Run.uasset" 487
"../../../../../../Gabchan/Unreal/Cropish/Content/MixamoAnimPack/Mixamo_SWAT/Anims/Maximo_Swat_Walk.uasset" 488
"../../../../../../Gabchan/Unreal/Cropish/Content/MixamoAnimPack/Mixamo_SWAT/Anims/MixamoBlend_SWAT_1D.uasset" 489
"../../../../../../Gabchan/Unreal/Cropish/Content/MixamoAnimPack/Mixamo_SWAT/Anims/MixamoAnimBP_SWAT.uasset" 490
"../../../../../../Gabchan/Unreal/Cropish/Content/MixamoAnimPack/Mixamo_SWAT/Materials/Swat_new_diffuse.uasset" 491
"../../../../../../Gabchan/Unreal/Cropish/Content/MixamoAnimPack/Mixamo_SWAT/Materials/Swat_new_mask.uasset" 492
"../../../../../../Gabchan/Unreal/Cropish/Content/MixamoAnimPack/Mixamo_SWAT/Materials/Swat_Mat.uasset" 493
"../../../../../../Gabchan/Unreal/Cropish/Content/MixamoAnimPack/Mixamo_SWAT/Mesh/SWAT_Physics.uasset" 494
"../../../../../../Gabchan/Unreal/Cropish/Content/MixamoAnimPack/Mixamo_SWAT/Mesh/Maximo_SWAT.uasset" 495
"../../../../../../Gabchan/Unreal/Cropish/Content/MixamoAnimPack/Mixamo_SWAT/Mixamo_Swat.uasset" 496
"../../../../../../Gabchan/Unreal/Cropish/Content/MixamoAnimPack/Mixamo_SWAT/Anims/Maximo_Swat_Sword_Slash.uasset" 497
"../../../../../../Gabchan/Unreal/Cropish/Content/MixamoAnimPack/Mixamo_SWAT/Materials/Soldier_new-1.uasset" 498
"../../../../../../Gabchan/Unreal/Cropish/Content/MixamoAnimPack/Mixamo_SWAT/Materials/Soldier_Mat.uasset" 499
"../../../../../../Gabchan/Unreal/Cropish/Content/MixamoAnimPack/Mixamo_Vampire/Anims/Maximo_Vampire_Skeleton.uasset" 500
"../../../../../../Gabchan/Unreal/Cropish/Content/MixamoAnimPack/Mixamo_Vampire/Anims/Maximo_Vampire_jump.uasset" 501
"../../../../../../Gabchan/Unreal/Cropish/Content/MixamoAnimPack/Mixamo_Vampire/Anims/Maximo_Vampire_Running_Jump.uasset" 502
"../../../../../../Gabchan/Unreal/Cropish/Content/MixamoAnimPack/Mixamo_Vampire/Anims/Maximo_Vampire_Sword_Swing.uasset" 503
"../../../../../../Gabchan/Unreal/Cropish/Content/MixamoAnimPack/Mixamo_Vampire/Anims/Maximo_Vampire_idle.uasset" 504
"../../../../../../Gabchan/Unreal/Cropish/Content/MixamoAnimPack/Mixamo_Vampire/Anims/Maximo_Vampire_Run.uasset" 505
"../../../../../../Gabchan/Unreal/Cropish/Content/MixamoAnimPack/Mixamo_Vampire/Anims/Maximo_Vampire_Walk.uasset" 506
"../../../../../../Gabchan/Unreal/Cropish/Content/MixamoAnimPack/Mixamo_Vampire/Anims/MixamoBlend_Vampire_1D.uasset" 507
"../../../../../../Gabchan/Unreal/Cropish/Content/MixamoAnimPack/Mixamo_Vampire/Anims/MixamoAnimBP_Vampire.uasset" 508
"../../../../../../Gabchan/Unreal/Cropish/Content/MixamoAnimPack/Mixamo_Vampire/Materials/Vampire_diffuse.uasset" 509
"../../../../../../Gabchan/Unreal/Cropish/Content/MixamoAnimPack/Mixamo_Vampire/Materials/Vampire_emission.uasset" 510
"../../../../../../Gabchan/Unreal/Cropish/Content/MixamoAnimPack/Mixamo_Vampire/Materials/Vampire_masks.uasset" 511
"../../../../../../Gabchan/Unreal/Cropish/Content/MixamoAnimPack/Mixamo_Vampire/Materials/Vampire_normal.uasset" 512
"../../../../../../Gabchan/Unreal/Cropish/Content/MixamoAnimPack/Mixamo_Vampire/Materials/Vamp_alpha_Mat.uasset" 513
"../../../../../../Gabchan/Unreal/Cropish/Content/MixamoAnimPack/Mixamo_Vampire/Materials/Vamp_Mat.uasset" 514
"../../../../../../Gabchan/Unreal/Cropish/Content/MixamoAnimPack/Mixamo_Vampire/Mesh/Vampire_A_Lusth_Physics.uasset" 515
"../../../../../../Gabchan/Unreal/Cropish/Content/MixamoAnimPack/Mixamo_Vampire/Mesh/Vampire_A_Lusth.uasset" 516
"../../../../../../Gabchan/Unreal/Cropish/Content/MixamoAnimPack/Mixamo_Vampire/Mixamo_Vampire.uasset" 517
"../../../../../../Gabchan/Unreal/Cropish/Content/MixamoAnimPack/Mixamo_Vampire/Anims/Maximo_Vampire_Shooting.uasset" 518
"../../../../../../Gabchan/Unreal/Cropish/Content/MixamoAnimPack/Mixamo_Vampire/Materials/Vampire_specular.uasset" 519
"../../../../../../Gabchan/Unreal/Cropish/Content/MixamoAnimPack/Mixamo_Vanguard/Anims/Vanguard_by_T__Choonyung_Skeleton.uasset" 520
"../../../../../../Gabchan/Unreal/Cropish/Content/MixamoAnimPack/Mixamo_Vanguard/Anims/Vanguard_by_T__Choonyung_jump.uasset" 521
"../../../../../../Gabchan/Unreal/Cropish/Content/MixamoAnimPack/Mixamo_Vanguard/Anims/Vanguard_by_T__Choonyung_Running_Jump.uasset" 522
"../../../../../../Gabchan/Unreal/Cropish/Content/MixamoAnimPack/Mixamo_Vanguard/Anims/Vanguard_by_T__Choonyung_Shooting.uasset" 523
"../../../../../../Gabchan/Unreal/Cropish/Content/MixamoAnimPack/Mixamo_Vanguard/Anims/Vanguard_by_T__Choonyung_idle.uasset" 524
"../../../../../../Gabchan/Unreal/Cropish/Content/MixamoAnimPack/Mixamo_Vanguard/Anims/Vanguard_by_T__Choonyung_Run.uasset" 525
"../../../../../../Gabchan/Unreal/Cropish/Content/MixamoAnimPack/Mixamo_Vanguard/Anims/Vanguard_by_T__Choonyung_Walk.uasset" 526
"../../../../../../Gabchan/Unreal/Cropish/Content/MixamoAnimPack/Mixamo_Vanguard/Anims/MixamoBlend_Vanguard_1D.uasset" 527
"../../../../../../Gabchan/Unreal/Cropish/Content/MixamoAnimPack/Mixamo_Vanguard/Anims/MixamoAnimBP_Vanguard.uasset" 528
"../../../../../../Gabchan/Unreal/Cropish/Content/MixamoAnimPack/Mixamo_Vanguard/Material/vanguard_diffuse.uasset" 529
"../../../../../../Gabchan/Unreal/Cropish/Content/MixamoAnimPack/Mixamo_Vanguard/Material/vanguard_mask.uasset" 530
"../../../../../../Gabchan/Unreal/Cropish/Content/MixamoAnimPack/Mixamo_Vanguard/Material/vanguard_normal.uasset" 531
"../../../../../../Gabchan/Unreal/Cropish/Content/MixamoAnimPack/Mixamo_Vanguard/Material/Vanguard_Mat.uasset" 532
"../../../../../../Gabchan/Unreal/Cropish/Content/MixamoAnimPack/Mixamo_Vanguard/Mesh/Vanguard_by_T__Choonyung_Physics.uasset" 533
"../../../../../../Gabchan/Unreal/Cropish/Content/MixamoAnimPack/Mixamo_Vanguard/Mesh/Vanguard_by_T__Choonyung.uasset" 534
"../../../../../../Gabchan/Unreal/Cropish/Content/MixamoAnimPack/Mixamo_Vanguard/Mixamo_Vanguard.uasset" 535
"../../../../../../Gabchan/Unreal/Cropish/Content/MixamoAnimPack/Mixamo_Vanguard/Anims/Vanguard_by_T__Choonyung_Sword_Swing.uasset" 536
"../../../../../../Gabchan/Unreal/Cropish/Content/MixamoAnimPack/Mixamo_Vanguard/Material/vanguard_specular.uasset" 537
"../../../../../../Gabchan/Unreal/Cropish/Content/MixamoAnimPack/Mixamo_Zoe/Anims/Mixamo_Zoe_Skeleton.uasset" 538
"../../../../../../Gabchan/Unreal/Cropish/Content/MixamoAnimPack/Mixamo_Zoe/Anims/Mixamo_Zoe_jump.uasset" 539
"../../../../../../Gabchan/Unreal/Cropish/Content/MixamoAnimPack/Mixamo_Zoe/Anims/Mixamo_Zoe_Running_Jump.uasset" 540
"../../../../../../Gabchan/Unreal/Cropish/Content/MixamoAnimPack/Mixamo_Zoe/Anims/Mixamo_Zoe_Shooting.uasset" 541
"../../../../../../Gabchan/Unreal/Cropish/Content/MixamoAnimPack/Mixamo_Zoe/Anims/Mixamo_Zoe_idle.uasset" 542
"../../../../../../Gabchan/Unreal/Cropish/Content/MixamoAnimPack/Mixamo_Zoe/Anims/Mixamo_Zoe_Run.uasset" 543
"../../../../../../Gabchan/Unreal/Cropish/Content/MixamoAnimPack/Mixamo_Zoe/Anims/Mixamo_Zoe_Walk.uasset" 544
"../../../../../../Gabchan/Unreal/Cropish/Content/MixamoAnimPack/Mixamo_Zoe/Anims/MixamoBlend_Zoe_1D.uasset" 545
"../../../../../../Gabchan/Unreal/Cropish/Content/MixamoAnimPack/Mixamo_Zoe/Anims/MixamoAnimBP_Zoe.uasset" 546
"../../../../../../Gabchan/Unreal/Cropish/Content/MixamoAnimPack/Mixamo_Zoe/Materials/Zoe_Skin_COL.uasset" 547
"../../../../../../Gabchan/Unreal/Cropish/Content/MixamoAnimPack/Mixamo_Zoe/Materials/Zoe_Skin_Mask.uasset" 548
"../../../../../../Gabchan/Unreal/Cropish/Content/MixamoAnimPack/Mixamo_Zoe/Materials/Zoe_Skin_NM.uasset" 549
"../../../../../../Gabchan/Unreal/Cropish/Content/MixamoAnimPack/Mixamo_Zoe/Materials/Zoe_body_mat.uasset" 550
"../../../../../../Gabchan/Unreal/Cropish/Content/MixamoAnimPack/Mixamo_Zoe/Materials/Zoe_Clothes_COL.uasset" 551
"../../../../../../Gabchan/Unreal/Cropish/Content/MixamoAnimPack/Mixamo_Zoe/Materials/Zoe_Clothes_Mask.uasset" 552
"../../../../../../Gabchan/Unreal/Cropish/Content/MixamoAnimPack/Mixamo_Zoe/Materials/Zoe_Clothes_NM.uasset" 553
"../../../../../../Gabchan/Unreal/Cropish/Content/MixamoAnimPack/Mixamo_Zoe/Materials/Zoe_Skin_Mat.uasset" 554
"../../../../../../Gabchan/Unreal/Cropish/Content/MixamoAnimPack/Mixamo_Zoe/Mesh/Zoe_Physics.uasset" 555
"../../../../../../Gabchan/Unreal/Cropish/Content/MixamoAnimPack/Mixamo_Zoe/Mesh/Mixamo_Zoe.uasset" 556
"../../../../../../Gabchan/Unreal/Cropish/Content/MixamoAnimPack/Mixamo_Zoe/Mixamo_Zoe.uasset" 557
"../../../../../../Gabchan/Unreal/Cropish/Content/MixamoAnimPack/Mixamo_Zoe/Anims/Mixamo_Zoe_Sword_Slash.uasset" 558
"../../../../../../Gabchan/Unreal/Cropish/Content/MixamoAnimPack/Mixamo_Zoe/Materials/Zoe_Clothes_Spec.uasset" 559
"../../../../../../Gabchan/Unreal/Cropish/Content/MixamoAnimPack/Mixamo_Zoe/Materials/Zoe_Skin_Spec.uasset" 560
"../../../../../../Gabchan/Unreal/Cropish/Content/Models/Ground.uasset" 561
"../../../../../../Gabchan/Unreal/Cropish/Content/Textures/Basket/Basket_Colour.uasset" 562
"../../../../../../Gabchan/Unreal/Cropish/Content/Textures/Basket/Basket_Metallic.uasset" 563
"../../../../../../Gabchan/Unreal/Cropish/Content/Textures/Basket/Basket_Normal.uasset" 564
"../../../../../../Gabchan/Unreal/Cropish/Content/Textures/Basket/Basket_Roughness.uasset" 565
"../../../../../../Gabchan/Unreal/Cropish/Content/Materials/basketMat.uasset" 566
"../../../../../../Gabchan/Unreal/Cropish/Content/Models/Basket.uasset" 567
"../../../../../../Gabchan/Unreal/Cropish/Content/Plant/Basket.uasset" 568
"../../../../../../Gabchan/Unreal/Cropish/Content/Plant/WateringCan.uasset" 569
"../../../../../../Gabchan/Unreal/Cropish/Content/Plant/Grid/GridHighlight.uasset" 570
"../../../../../../Gabchan/Unreal/Cropish/Content/Plant/Grid/HighLight.uasset" 571
"../../../../../../Gabchan/Unreal/Cropish/Content/QuestSystem/Quest/Quest_001.uasset" 572
"../../../../../../Gabchan/Unreal/Cropish/Content/QuestSystem/QuestUI/InteractMessage_UI_BP.uasset" 573
"../../../../../../Gabchan/Unreal/Cropish/Content/Textures/Cart/cart-roof_initialShadingGroup_MetallicSmoothness.uasset" 574
"../../../../../../Gabchan/Unreal/Cropish/Content/Textures/Cart/shoppingcartnormals.uasset" 575
"../../../../../../Gabchan/Unreal/Cropish/Content/Textures/Ground/grass__updated___c.uasset" 576
"../../../../../../Gabchan/Unreal/Cropish/Content/Textures/Ground/tiles__wet_.uasset" 577
"../../../../../../Gabchan/Unreal/Cropish/Content/Textures/Interior/mat_height.uasset" 578
"../../../../../../Gabchan/Unreal/Cropish/Content/Textures/Interior/Railings_Height.uasset" 579
"../../../../../../Gabchan/Unreal/Cropish/Content/Textures/Interior/Shelf_books_paintings_Height.uasset" 580
"../../../../../../Gabchan/Unreal/Cropish/Content/Textures/Interior/StaircaseForPainting_lambert53SG_Height.uasset" 581
"../../../../../../Gabchan/Unreal/Cropish/Content/VirtualReality/Materials/M_BaseMaterial.uasset" 582
"../../../../../../Gabchan/Unreal/Cropish/Content/VirtualReality/Materials/MI_SmallCubes.uasset" 583
"../../../../../../Gabchan/Unreal/Cropish/Content/VirtualRealityBP/Blueprints/BP_PickupCube.uasset" 584
"../../../../../../Gabchan/Unreal/Cropish/Content/Weather/Rain/Puddles/asphalt.uasset" 585
"../../../../../../Gabchan/Unreal/Cropish/Content/Weather/Snow/SnowGather_M.uasset" 586
"../../../../../../Gabchan/Unreal/Cropish/Content/Weather/Rain/Puddles/Drops_Sequence.uasset" 587
"../../../../../../Gabchan/Unreal/Cropish/Content/Weather/Snow/SnowGather_M_Inst.uasset" 588
"../../../Engine/Content/ArtTools/RenderToTexture/Meshes/S_1_Unit_Plane.uasset" 589
"../../../Engine/Content/BasicShapes/Cone.uasset" 590
"../../../Engine/Content/EditorLandscapeResources/DataLayer.uasset" 591
"../../../Engine/Content/EditorMaterials/GizmoMaterial.uasset" 592
"../../../Engine/Content/EditorMaterials/MAT_Groups_Toggle.uasset" 593
"../../../Engine/Content/EditorMaterials/MAT_Groups_Visibility.uasset" 594
"../../../Engine/Content/EditorMaterials/PreviewShadowIndicator.uasset" 595
"../../../Engine/Content/EditorMaterials/PreviewShadowIndicatorMaterial.uasset" 596
"../../../Engine/Content/EditorMaterials/MatineeGroups/MAT_ColorTrack.uasset" 597
"../../../Engine/Content/EditorMaterials/MatineeGroups/MAT_Groups_Anim.uasset" 598
"../../../Engine/Content/EditorMaterials/MatineeGroups/MAT_Groups_AudioMaster.uasset" 599
"../../../Engine/Content/EditorMaterials/MatineeGroups/MAT_Groups_Director.uasset" 600
"../../../Engine/Content/EditorMaterials/MatineeGroups/MAT_Groups_Event.uasset" 601
"../../../Engine/Content/EditorMaterials/MatineeGroups/MAT_Groups_Fade.uasset" 602
"../../../Engine/Content/EditorMaterials/MatineeGroups/MAT_Groups_Float.uasset" 603
"../../../Engine/Content/EditorMaterials/MatineeGroups/MAT_Groups_Move.uasset" 604
"../../../Engine/Content/EditorMaterials/MatineeGroups/MAT_Groups_Slomo.uasset" 605
"../../../Engine/Content/EditorMaterials/MatineeGroups/MAT_Groups_Sound.uasset" 606
"../../../Engine/Content/EditorMaterials/MatineeGroups/MAT_Groups_Vector.uasset" 607
"../../../Engine/Content/EditorMaterials/ParticleSystems/PSysThumbnail_NoImage.uasset" 608
"../../../Engine/Content/EditorMaterials/ParticleSystems/PSysThumbnail_OOD.uasset" 609
"../../../Engine/Content/EditorMaterials/Camera/CineMat.uasset" 610
"../../../Engine/Content/EditorMaterials/Camera/MI_CineMat_Rig.uasset" 611
"../../../Engine/Content/EditorMeshes/Camera/SM_CraneRig_Arm.uasset" 612
"../../../Engine/Content/EditorMeshes/Camera/SM_CraneRig_Base.uasset" 613
"../../../Engine/Content/EditorMeshes/Camera/SM_CraneRig_Body.uasset" 614
"../../../Engine/Content/EditorMeshes/Camera/SM_CraneRig_Mount.uasset" 615
"../../../Engine/Content/EditorMeshes/Camera/SM_RailRig_Mount.uasset" 616
"../../../Engine/Content/EditorMeshes/Camera/SM_RailRig_Track.uasset" 617
"../../../Engine/Content/EditorResources/BSPVertex.uasset" 618
"../../../Engine/Content/EditorResources/EmptyActor.uasset" 619
"../../../Engine/Content/EditorResources/S_Actor.uasset" 620
"../../../Engine/Content/EditorResources/S_Trigger.uasset" 621
"../../../Engine/Content/EditorResources/AudioIcons/S_AudioComponent.uasset" 622
"../../../Engine/Content/EditorResources/AudioIcons/S_AudioComponent_AutoActivate.uasset" 623
"../../../Engine/Content/EditorResources/LightIcons/S_LightError.uasset" 624
"../../../Engine/Content/EditorResources/SequenceRecorder/Countdown.uasset" 625
"../../../Engine/Content/EditorResources/SequenceRecorder/RecordingIndicator.uasset" 626
"../../../Engine/Content/EditorSounds/Notifications/CompileFailed.uasset" 627
"../../../Engine/Content/EditorSounds/Notifications/CompileFailed_Cue.uasset" 628
"../../../Engine/Content/EditorSounds/Notifications/CompileSuccess.uasset" 629
"../../../Engine/Content/EditorSounds/Notifications/CompileStart_Cue.uasset" 630
"../../../Engine/Content/EditorSounds/Notifications/CompileSuccess_Cue.uasset" 631
"../../../Engine/Content/EngineDamageTypes/DmgTypeBP_Environmental.uasset" 632
"../../../Engine/Content/EngineDebugMaterials/HeatmapGradient.uasset" 633
"../../../Engine/Content/EngineDebugMaterials/BoneWeightMaterial.uasset" 634
"../../../Engine/Content/EngineDebugMaterials/ClothMaterial.uasset" 635
"../../../Engine/Content/EngineDebugMaterials/ClothMaterial_WF.uasset" 636
"../../../Engine/Content/EngineDebugMaterials/DebugEditorMaterial.uasset" 637
"../../../Engine/Content/EngineDebugMaterials/DebugMeshMaterial.uasset" 638
"../../../Engine/Content/EngineDebugMaterials/GeomMaterial.uasset" 639
"../../../Engine/Content/EngineDebugMaterials/M_SimpleTranslucent.uasset" 640
"../../../Engine/Content/EngineFonts/Faces/RobotoBold.uasset" 641
"../../../Engine/Content/EngineFonts/Faces/RobotoBoldItalic.uasset" 642
"../../../Engine/Content/EngineFonts/Faces/RobotoItalic.uasset" 643
"../../../Engine/Content/EngineFonts/Faces/RobotoLight.uasset" 644
"../../../Engine/Content/EngineFonts/Faces/RobotoRegular.uasset" 645
"../../../Engine/Content/EngineFonts/Roboto.uasset" 646
"../../../Engine/Content/EngineFonts/Faces/RobotoTiny.uasset" 647
"../../../Engine/Content/EngineFonts/RobotoTiny.uasset" 648
"../../../Engine/Content/EngineMaterials/BaseFlattenDiffuseMap.uasset" 649
"../../../Engine/Content/EngineMaterials/BaseFlattenEmissiveMap.uasset" 650
"../../../Engine/Content/EngineMaterials/BaseFlattenGrayscaleMap.uasset" 651
"../../../Engine/Content/EngineMaterials/BaseFlattenNormalMap.uasset" 652
"../../../Engine/Content/EngineMaterials/BaseFlattenMaterial.uasset" 653
"../../../Engine/Content/EngineMaterials/DefaultBloomKernel.uasset" 654
"../../../Engine/Content/EngineMaterials/DefaultBokeh.uasset" 655
"../../../Engine/Content/EngineMaterials/DefaultDiffuse.uasset" 656
"../../../Engine/Content/EngineMaterials/DefaultDeferredDecalMaterial.uasset" 657
"../../../Engine/Content/EngineMaterials/DefaultLightFunctionMaterial.uasset" 658
"../../../Engine/Content/EngineMaterials/DefaultPostProcessMaterial.uasset" 659
"../../../Engine/Content/EngineFonts/RobotoDistanceField.uasset" 660
"../../../Engine/Content/EngineMaterials/DefaultTextMaterialOpaque.uasset" 661
"../../../Engine/Content/EngineMaterials/DefaultWhiteGrid.uasset" 662
"../../../Engine/Content/EngineMaterials/EditorBrushMaterial.uasset" 663
"../../../Engine/Content/EngineMaterials/MiniFont.uasset" 664
"../../../Engine/Content/EngineMaterials/InvalidLightmapSettings.uasset" 665
"../../../Engine/Content/EngineMaterials/M_InvalidLightmapSettings.uasset" 666
"../../../Engine/Content/Functions/Engine_MaterialFunctions02/WorldPositionOffset/CameraOffset.uasset" 667
"../../../Engine/Content/EngineMaterials/PhAT_JointLimitMaterial.uasset" 668
"../../../Engine/Content/EngineMaterials/PreintegratedSkinBRDF.uasset" 669
"../../../Engine/Content/EngineMaterials/RemoveSurfaceMaterial.uasset" 670
"../../../Engine/Content/EngineMaterials/WeightMapPlaceholderTexture.uasset" 671
"../../../Engine/Content/EngineResources/WhiteSquareTexture.uasset" 672
"../../../Engine/Content/EngineMaterials/Widget3DPassThrough.uasset" 673
"../../../Engine/Content/EngineMaterials/Widget3DPassThrough_Masked.uasset" 674
"../../../Engine/Content/EngineMaterials/Widget3DPassThrough_Opaque.uasset" 675
"../../../Engine/Content/EngineMaterials/Widget3DPassThrough_Masked_OneSided.uasset" 676
"../../../Engine/Content/EngineMaterials/Widget3DPassThrough_Opaque_OneSided.uasset" 677
"../../../Engine/Content/EngineMaterials/Widget3DPassThrough_Translucent.uasset" 678
"../../../Engine/Content/EngineMaterials/Widget3DPassThrough_Translucent_OneSided.uasset" 679
"../../../Engine/Content/EngineMeshes/Cylinder.uasset" 680
"../../../Engine/Content/EngineMeshes/Sphere.uasset" 681
"../../../Engine/Content/EngineResources/Black.uasset" 682
"../../../Engine/Content/EngineResources/DefaultTexture.uasset" 683
"../../../Engine/Content/EngineResources/DefaultTextureCube.uasset" 684
"../../../Engine/Content/EngineResources/DefaultVolumeTexture2D.uasset" 685
"../../../Engine/Content/EngineResources/DefaultVolumeTexture.uasset" 686
"../../../Engine/Content/EngineResources/GradientTexture0.uasset" 687
"../../../Engine/Content/EngineSounds/Master.uasset" 688
"../../../Engine/Content/Functions/Engine_MaterialFunctions01/Shading/ConvertFromDiffSpec.uasset" 689
"../../../Engine/Content/Functions/Engine_MaterialFunctions01/Shading/PowerToRoughness.uasset" 690
"../../../Engine/Content/Maps/Templates/Thumbnails/Default.uasset" 691
"../../../Engine/Content/Maps/Templates/Thumbnails/VR-Basic.uasset" 692
"../../../Engine/Content/MobileResources/T_MobileControls_texture.uasset" 693
"../../../Engine/Content/MobileResources/T_MobileMenu2.uasset" 694
"../../../Engine/Content/MobileResources/HUD/AnalogHat.uasset" 695
"../../../Engine/Content/MobileResources/HUD/VirtualJoystick_Background.uasset" 696
"../../../Engine/Content/MobileResources/HUD/VirtualJoystick_Thumb.uasset" 697
"../../../Engine/Content/MobileResources/HUD/DefaultVirtualJoysticks.uasset" 698
"../../../Engine/Content/MobileResources/HUD/LeftVirtualJoystickOnly.uasset" 699
"../../../Engine/Content/MobileResources/HUD/MobileHUDButton1_off.uasset" 700
"../../../Engine/Content/MobileResources/HUD/MobileHUDButton1_on.uasset" 701
"../../../Engine/Content/MobileResources/HUD/MobileHUDButton2_off.uasset" 702
"../../../Engine/Content/MobileResources/HUD/MobileHUDButton2_on.uasset" 703
"../../../Engine/Content/MobileResources/HUD/MobileHUDButton3.uasset" 704
"../../../Engine/Content/MobileResources/HUD/MobileHUDButtonFire.uasset" 705
"../../../Engine/Content/MobileResources/HUD/MobileHUDDirectionPad.uasset" 706
"../../../Engine/Content/MobileResources/HUD/MobileHUDDirectionPad2.uasset" 707
"../../../Engine/Content/MobileResources/HUD/MobileHUDDirectionPad3.uasset" 708
"../../../Engine/Content/MobileResources/HUD/MobileHUDDirectionStick.uasset" 709
"../../../Engine/Content/MobileResources/HUD/T_Castle_ThumbstickInner.uasset" 710
"../../../Engine/Content/MobileResources/HUD/T_Castle_ThumbstickOutter.uasset" 711
"../../../Engine/Content/Tutorial/ContentIntroCurve.uasset" 712
"../../../Engine/Content/Tutorial/Basics/TutorialAssets/icon_tab_Levels_40x.uasset" 713
"../../../Engine/Content/Tutorial/SubEditors/TutorialAssets/TutorialMaterial.uasset" 714
"../../../Engine/Content/VREditor/LaserPointer/VR_LaserPower_01.uasset" 715
"../../../Engine/Content/VREditor/TransformGizmo/TransformGizmoMaterial.uasset" 716
"../../../Engine/Content/VREditor/TransformGizmo/TranslucentTransformGizmoMaterial.uasset" 717
"../../../Engine/Content/VREditor/TransformGizmo/BoundingBoxCorner.uasset" 718
"../../../Engine/Content/VREditor/TransformGizmo/BoundingBoxEdge.uasset" 719
"../../../Engine/Content/VREditor/TransformGizmo/PlaneTranslationHandle.uasset" 720
"../../../Engine/Content/VREditor/TransformGizmo/Main.uasset" 721
"../../../Engine/Content/VREditor/TransformGizmo/Xray.uasset" 722
"../../../Engine/Content/VREditor/TransformGizmo/SM_Sequencer_Key.uasset" 723
"../../../Engine/Content/VREditor/TransformGizmo/SM_Sequencer_Node.uasset" 724
"../../Plugins/2D/Paper2D/Content/PlaceholderTextures/DummySpriteTexture.uasset" 725
"../../Plugins/2D/Paper2D/Content/DummySprite.uasset" 726
"../../Plugins/2D/Paper2D/Content/DefaultPaperTerrainMaterial.uasset" 727
"../../Plugins/2D/Paper2D/Content/DefaultSpriteMaterial.uasset" 728
"../../Plugins/2D/Paper2D/Content/MaskedUnlitSpriteMaterial.uasset" 729
"../../Plugins/2D/Paper2D/Content/OpaqueUnlitSpriteMaterial.uasset" 730
"../../Plugins/Runtime/Oculus/OculusVR/Content/Materials/PokeAHoleMaterial.uasset" 731
"../../Plugins/Runtime/Oculus/OculusVR/Content/Textures/GearVRController_AO.uasset" 732
"../../Plugins/Runtime/Oculus/OculusVR/Content/Textures/GearVRController_Color.uasset" 733
"../../Plugins/Runtime/Oculus/OculusVR/Content/Textures/GearVRController_Normal.uasset" 734
"../../Plugins/Runtime/Oculus/OculusVR/Content/Materials/GearVRControllerMaterial.uasset" 735
"../../Plugins/Runtime/Oculus/OculusVR/Content/Meshes/GearVrController.uasset" 736
"../../Plugins/Runtime/Oculus/OculusVR/Content/Textures/touchController_albedo.uasset" 737
"../../Plugins/Runtime/Oculus/OculusVR/Content/Textures/touchController_controlmap.uasset" 738
"../../Plugins/Runtime/Oculus/OculusVR/Content/Materials/touchController_mat.uasset" 739
"../../Plugins/Runtime/Oculus/OculusVR/Content/Meshes/LeftTouchController.uasset" 740
"../../Plugins/Runtime/Oculus/OculusVR/Content/Meshes/RiftHMD.uasset" 741
"../../Plugins/Runtime/Oculus/OculusVR/Content/Meshes/RightTouchController.uasset" 742
"../../../../../../Gabchan/Unreal/Cropish/Content/VirtualRealityBP/Blueprints/HMDLocomotionPawn.uasset" 743
"../../../../../../Gabchan/Unreal/Cropish/Content/VirtualRealityBP/Maps/HMDLocomotionMap_BuiltData.uasset" 744
"../../../../../../Gabchan/Unreal/Cropish/Content/VirtualReality/Materials/MI_BaseMaterial2.uasset" 745
"../../../../../../Gabchan/Unreal/Cropish/Content/VirtualReality/Materials/MI_BaseMaterial3.uasset" 746
"../../../../../../Gabchan/Unreal/Cropish/Content/VirtualRealityBP/Maps/HMDLocomotionMap.umap" 747
"../../../../../../Gabchan/Unreal/Cropish/Content/VirtualRealityBP/Maps/HouseinsideMap_BuiltData.uasset" 748
"../../../../../../Gabchan/Unreal/Cropish/Content/Textures/Interior/bed_col.uasset" 749
"../../../../../../Gabchan/Unreal/Cropish/Content/Textures/Interior/bed_normal.uasset" 750
"../../../../../../Gabchan/Unreal/Cropish/Content/Textures/Interior/bed_smoothness.uasset" 751
"../../../../../../Gabchan/Unreal/Cropish/Content/Materials/Bed.uasset" 752
"../../../../../../Gabchan/Unreal/Cropish/Content/Textures/Interior/Chest_BaseColor.uasset" 753
"../../../../../../Gabchan/Unreal/Cropish/Content/Textures/Interior/Chest_Metallic.uasset" 754
"../../../../../../Gabchan/Unreal/Cropish/Content/Textures/Interior/Chest_Normal.uasset" 755
"../../../../../../Gabchan/Unreal/Cropish/Content/Textures/Interior/Chest_Roughness.uasset" 756
"../../../../../../Gabchan/Unreal/Cropish/Content/Materials/Chest.uasset" 757
"../../../../../../Gabchan/Unreal/Cropish/Content/Textures/Interior/Walls_BaseColor.uasset" 758
"../../../../../../Gabchan/Unreal/Cropish/Content/Textures/Interior/Walls_Normal.uasset" 759
"../../../../../../Gabchan/Unreal/Cropish/Content/Textures/Interior/Walls_Roughness.uasset" 760
"../../../../../../Gabchan/Unreal/Cropish/Content/Materials/Floor.uasset" 761
"../../../../../../Gabchan/Unreal/Cropish/Content/Textures/Interior/Flowers_BaseColor.uasset" 762
"../../../../../../Gabchan/Unreal/Cropish/Content/Textures/Interior/Flowers_Normal.uasset" 763
"../../../../../../Gabchan/Unreal/Cropish/Content/Textures/Interior/Flowers_Roughness.uasset" 764
"../../../../../../Gabchan/Unreal/Cropish/Content/Materials/Flower.uasset" 765
"../../../../../../Gabchan/Unreal/Cropish/Content/Textures/House/House_Colour.uasset" 766
"../../../../../../Gabchan/Unreal/Cropish/Content/Textures/House/House_emmission.uasset" 767
"../../../../../../Gabchan/Unreal/Cropish/Content/Textures/House/House_Normal.uasset" 768
"../../../../../../Gabchan/Unreal/Cropish/Content/Textures/House/House_Smoothness.uasset" 769
"../../../../../../Gabchan/Unreal/Cropish/Content/Materials/house7Mat.uasset" 770
"../../../../../../Gabchan/Unreal/Cropish/Content/Textures/Interior/Railings_BaseColor.uasset" 771
"../../../../../../Gabchan/Unreal/Cropish/Content/Textures/Interior/Railings_Metallic.uasset" 772
"../../../../../../Gabchan/Unreal/Cropish/Content/Textures/Interior/Railings_Normal.uasset" 773
"../../../../../../Gabchan/Unreal/Cropish/Content/Textures/Interior/Railings_Roughness.uasset" 774
"../../../../../../Gabchan/Unreal/Cropish/Content/Materials/Railings.uasset" 775
"../../../../../../Gabchan/Unreal/Cropish/Content/Textures/Interior/mat_col.uasset" 776
"../../../../../../Gabchan/Unreal/Cropish/Content/Textures/Interior/mat_normal.uasset" 777
"../../../../../../Gabchan/Unreal/Cropish/Content/Textures/Interior/mat_roughness.uasset" 778
"../../../../../../Gabchan/Unreal/Cropish/Content/Materials/Rug.uasset" 779
"../../../../../../Gabchan/Unreal/Cropish/Content/Textures/Interior/Shelf_books_paintings_BaseColor.uasset" 780
"../../../../../../Gabchan/Unreal/Cropish/Content/Textures/Interior/Shelf_books_paintings_Normal.uasset" 781
"../../../../../../Gabchan/Unreal/Cropish/Content/Textures/Interior/Shelf_books_paintings_Roughness.uasset" 782
"../../../../../../Gabchan/Unreal/Cropish/Content/Materials/Shelf_Books_Paintings.uasset" 783
"../../../../../../Gabchan/Unreal/Cropish/Content/Textures/Interior/StaircaseForPainting_lambert53SG_BaseColor.uasset" 784
"../../../../../../Gabchan/Unreal/Cropish/Content/Textures/Interior/StaircaseForPainting_lambert53SG_Normal.uasset" 785
"../../../../../../Gabchan/Unreal/Cropish/Content/Textures/Interior/StaircaseForPainting_lambert53SG_Roughness.uasset" 786
"../../../../../../Gabchan/Unreal/Cropish/Content/Materials/Staircase.uasset" 787
"../../../../../../Gabchan/Unreal/Cropish/Content/Textures/Interior/Table_BaseColor.uasset" 788
"../../../../../../Gabchan/Unreal/Cropish/Content/Textures/Interior/Table_Normal.uasset" 789
"../../../../../../Gabchan/Unreal/Cropish/Content/Textures/Interior/Table_Roughness.uasset" 790
"../../../../../../Gabchan/Unreal/Cropish/Content/Materials/Table.uasset" 791
"../../../../../../Gabchan/Unreal/Cropish/Content/Models/Bed.uasset" 792
"../../../../../../Gabchan/Unreal/Cropish/Content/Models/Book.uasset" 793
"../../../../../../Gabchan/Unreal/Cropish/Content/Models/Books.uasset" 794
"../../../../../../Gabchan/Unreal/Cropish/Content/Models/Ceiling_Wood.uasset" 795
"../../../../../../Gabchan/Unreal/Cropish/Content/Models/Chest.uasset" 796
"../../../../../../Gabchan/Unreal/Cropish/Content/Models/Door.uasset" 797
"../../../../../../Gabchan/Unreal/Cropish/Content/Models/Floor.uasset" 798
"../../../../../../Gabchan/Unreal/Cropish/Content/Models/Flower.uasset" 799
"../../../../../../Gabchan/Unreal/Cropish/Content/Models/Painting.uasset" 800
"../../../../../../Gabchan/Unreal/Cropish/Content/Models/Railing.uasset" 801
"../../../../../../Gabchan/Unreal/Cropish/Content/Models/Railing_Connect.uasset" 802
"../../../../../../Gabchan/Unreal/Cropish/Content/Models/Rug.uasset" 803
"../../../../../../Gabchan/Unreal/Cropish/Content/Models/Shelf.uasset" 804
"../../../../../../Gabchan/Unreal/Cropish/Content/Models/Staircase.uasset" 805
"../../../../../../Gabchan/Unreal/Cropish/Content/Models/Table.uasset" 806
"../../../../../../Gabchan/Unreal/Cropish/Content/Models/Upper_Floor.uasset" 807
"../../../../../../Gabchan/Unreal/Cropish/Content/Models/Wall.uasset" 808
"../../../../../../Gabchan/Unreal/Cropish/Content/Models/Wall_FB.uasset" 809
"../../../../../../Gabchan/Unreal/Cropish/Content/VirtualRealityBP/Maps/HouseinsideMap.umap" 810
"../../../../../../Gabchan/Unreal/Cropish/Content/Audio/Music/BGM.uasset" 811
"../../../../../../Gabchan/Unreal/Cropish/Content/Audio/Music/NewBlueprint.uasset" 812
"../../../../../../Gabchan/Unreal/Cropish/Content/Textures/Barn/barn_initialShadingGroup_AO.uasset" 813
"../../../../../../Gabchan/Unreal/Cropish/Content/Textures/Barn/barn_initialShadingGroup_BaseColor.uasset" 814
"../../../../../../Gabchan/Unreal/Cropish/Content/Textures/Barn/barn_initialShadingGroup_Normal.uasset" 815
"../../../../../../Gabchan/Unreal/Cropish/Content/Textures/Barn/barn_initialShadingGroup_Roughness.uasset" 816
"../../../../../../Gabchan/Unreal/Cropish/Content/Materials/barnMat.uasset" 817
"../../../../../../Gabchan/Unreal/Cropish/Content/Models/barn.uasset" 818
"../../../../../../Gabchan/Unreal/Cropish/Content/Blueprints/barn_Blueprint.uasset" 819
"../../../../../../Gabchan/Unreal/Cropish/Content/Blueprints/TriggerBox_Blueprint.uasset" 820
"../../../../../../Gabchan/Unreal/Cropish/Content/Textures/Ground/ground.uasset" 821
"../../../../../../Gabchan/Unreal/Cropish/Content/Materials/Ground.uasset" 822
"../../../Engine/Content/Functions/Engine_MaterialFunctions02/Utility/Sign.uasset" 823
"../../../Engine/Content/Functions/Engine_MaterialFunctions02/Utility/Round.uasset" 824
"../../../Engine/Content/Functions/Engine_MaterialFunctions02/ExampleContent/Textures/flipbook.uasset" 825
"../../../Engine/Content/Functions/Engine_MaterialFunctions02/Texturing/FlipBook.uasset" 826
"../../../Engine/Content/Functions/Engine_MaterialFunctions02/Utility/BlendAngleCorrectedNormals.uasset" 827
"../../../../../../Gabchan/Unreal/Cropish/Content/Weather/Rain/Puddles/asphalt_n.uasset" 828
"../../../../../../Gabchan/Unreal/Cropish/Content/Weather/Rain/Puddles/water_nrm.uasset" 829
"../../../../../../Gabchan/Unreal/Cropish/Content/Weather/Rain/Puddles/Puddles_M.uasset" 830
"../../../../../../Gabchan/Unreal/Cropish/Content/Weather/Rain/Puddles/Puddles_M_Inst.uasset" 831
"../../../../../../Gabchan/Unreal/Cropish/Content/Weather/Rain/Puddles/test_plane.uasset" 832
"../../../../../../Gabchan/Unreal/Cropish/Content/Assets/Blueprints/Ground_Blueprint.uasset" 833
"../../../../../../Gabchan/Unreal/Cropish/Content/Assets/Posters/poster1.uasset" 834
"../../../../../../Gabchan/Unreal/Cropish/Content/Assets/Posters/poster1_Mat.uasset" 835
"../../../../../../Gabchan/Unreal/Cropish/Content/Assets/Posters/poster2.uasset" 836
"../../../../../../Gabchan/Unreal/Cropish/Content/Assets/Posters/poster2_Mat.uasset" 837
"../../../../../../Gabchan/Unreal/Cropish/Content/Assets/Posters/poster3.uasset" 838
"../../../../../../Gabchan/Unreal/Cropish/Content/Assets/Posters/poster3_Mat.uasset" 839
"../../../../../../Gabchan/Unreal/Cropish/Content/Assets/Posters/poster4.uasset" 840
"../../../../../../Gabchan/Unreal/Cropish/Content/Assets/Posters/poster4_Mat.uasset" 841
"../../../../../../Gabchan/Unreal/Cropish/Content/Assets/Posters/InstructionWall_BP.uasset" 842
"../../../../../../Gabchan/Unreal/Cropish/Content/Textures/Cart/cart-roof_initialShadingGroup_AlbedoTransparency.uasset" 843
"../../../../../../Gabchan/Unreal/Cropish/Content/Textures/Cart/cart-roof_initialShadingGroup_Normal.uasset" 844
"../../../../../../Gabchan/Unreal/Cropish/Content/Textures/Cart/Cart_Roof_texture.uasset" 845
"../../../../../../Gabchan/Unreal/Cropish/Content/Materials/CartRoofMat.uasset" 846
"../../../../../../Gabchan/Unreal/Cropish/Content/Models/cart-roof.uasset" 847
"../../../../../../Gabchan/Unreal/Cropish/Content/Blueprints/cart-roof_Blueprint.uasset" 848
"../../../../../../Gabchan/Unreal/Cropish/Content/Textures/Cart/wheelnormalmap_1.uasset" 849
"../../../../../../Gabchan/Unreal/Cropish/Content/Textures/Cart/wheeluvs.uasset" 850
"../../../../../../Gabchan/Unreal/Cropish/Content/Materials/CartWheelsMat.uasset" 851
"../../../../../../Gabchan/Unreal/Cropish/Content/Models/cart-wheels-combined.uasset" 852
"../../../../../../Gabchan/Unreal/Cropish/Content/Blueprints/cart-wheels-combined_Blueprint.uasset" 853
"../../../../../../Gabchan/Unreal/Cropish/Content/Textures/Ground_Stuff/grass_plane_uv.uasset" 854
"../../../../../../Gabchan/Unreal/Cropish/Content/Materials/Grass_mat.uasset" 855
"../../../../../../Gabchan/Unreal/Cropish/Content/Models/Grass.uasset" 856
"../../../../../../Gabchan/Unreal/Cropish/Content/Blueprints/Grass_Blueprint.uasset" 857
"../../../../../../Gabchan/Unreal/Cropish/Content/Models/House.uasset" 858
"../../../../../../Gabchan/Unreal/Cropish/Content/Blueprints/House_Blueprint.uasset" 859
"../../../../../../Gabchan/Unreal/Cropish/Content/Textures/Ground_Stuff/rock.uasset" 860
"../../../../../../Gabchan/Unreal/Cropish/Content/Materials/Rock_mat.uasset" 861
"../../../../../../Gabchan/Unreal/Cropish/Content/Models/rock.uasset" 862
"../../../../../../Gabchan/Unreal/Cropish/Content/Blueprints/rock_Blueprint.uasset" 863
"../../../../../../Gabchan/Unreal/Cropish/Content/Textures/Tree/Fall_tree_uv_colour.uasset" 864
"../../../../../../Gabchan/Unreal/Cropish/Content/Textures/Tree/tree_uv_metallic_smoothness.uasset" 865
"../../../../../../Gabchan/Unreal/Cropish/Content/Textures/Tree/tree_uv_normal_map.uasset" 866
"../../../../../../Gabchan/Unreal/Cropish/Content/Materials/FallTreeMat.uasset" 867
"../../../../../../Gabchan/Unreal/Cropish/Content/Textures/Tree/tree_uv_colour.uasset" 868
"../../../../../../Gabchan/Unreal/Cropish/Content/Materials/TreeMat.uasset" 869
"../../../../../../Gabchan/Unreal/Cropish/Content/Models/Tree.uasset" 870
"../../../../../../Gabchan/Unreal/Cropish/Content/Models/Trunk.uasset" 871
"../../../../../../Gabchan/Unreal/Cropish/Content/Weather/Leaves/Leaf_Diffuse_T.uasset" 872
"../../../../../../Gabchan/Unreal/Cropish/Content/Weather/Leaves/Leaf_Normal_T.uasset" 873
"../../../../../../Gabchan/Unreal/Cropish/Content/Weather/Leaves/Leaf_M.uasset" 874
"../../../../../../Gabchan/Unreal/Cropish/Content/Weather/Leaves/Leaf_SM.uasset" 875
"../../../../../../Gabchan/Unreal/Cropish/Content/Weather/Leaves/FallingLeaves_P.uasset" 876
"../../../../../../Gabchan/Unreal/Cropish/Content/Blueprints/Tree1_Blueprint.uasset" 877
"../../../../../../Gabchan/Unreal/Cropish/Content/Textures/Tree/Fall_tree_uv_colour2.uasset" 878
"../../../../../../Gabchan/Unreal/Cropish/Content/Materials/FallTree2Mat.uasset" 879
"../../../../../../Gabchan/Unreal/Cropish/Content/Textures/Tree/tree_uv_colour2.uasset" 880
"../../../../../../Gabchan/Unreal/Cropish/Content/Materials/Tree2Mat.uasset" 881
"../../../../../../Gabchan/Unreal/Cropish/Content/Blueprints/Tree2_Blueprint.uasset" 882
"../../../../../../Gabchan/Unreal/Cropish/Content/Plant/Grid/GridSpawn.uasset" 883
"../../../../../../Gabchan/Unreal/Cropish/Content/VirtualRealityBP/Maps/MotionControllerMap_BuiltData.uasset" 884
"../../../../../../Gabchan/Unreal/Cropish/Content/Textures/Cart/woodencart-texture.uasset" 885
"../../../../../../Gabchan/Unreal/Cropish/Content/Materials/CartFrameMat.uasset" 886
"../../../../../../Gabchan/Unreal/Cropish/Content/Textures/Cart/carthandle_lambert4SG_AlbedoTransparency.uasset" 887
"../../../../../../Gabchan/Unreal/Cropish/Content/Textures/Cart/carthandle_lambert4SG_MetallicSmoothness.uasset" 888
"../../../../../../Gabchan/Unreal/Cropish/Content/Textures/Cart/carthandle_lambert4SG_Normal.uasset" 889
"../../../../../../Gabchan/Unreal/Cropish/Content/Materials/CartHandles.uasset" 890
"../../../../../../Gabchan/Unreal/Cropish/Content/Textures/Noticeboard/NoticeBoard_initialShadingGroup_BaseColor.uasset" 891
"../../../../../../Gabchan/Unreal/Cropish/Content/Textures/Noticeboard/NoticeBoard_initialShadingGroup_Normal.uasset" 892
"../../../../../../Gabchan/Unreal/Cropish/Content/Textures/Noticeboard/NoticeBoard_initialShadingGroup_Roughness.uasset" 893
"../../../../../../Gabchan/Unreal/Cropish/Content/Materials/cylinder_cylinderMat.uasset" 894
"../../../../../../Gabchan/Unreal/Cropish/Content/Textures/Fence/fence2-aomap.uasset" 895
"../../../../../../Gabchan/Unreal/Cropish/Content/Textures/Fence/Fence2Colours.uasset" 896
"../../../../../../Gabchan/Unreal/Cropish/Content/Textures/Fence/fence2normalmap.uasset" 897
"../../../../../../Gabchan/Unreal/Cropish/Content/Materials/fence1Mat.uasset" 898
"../../../Engine/Content/Functions/Engine_MaterialFunctions02/Utility/BreakOutFloat3Components.uasset" 899
"../../../Engine/Content/Functions/Engine_MaterialFunctions02/Utility/MakeFloat3.uasset" 900
"../../../../../../Gabchan/Unreal/Cropish/Content/Materials/Terain.uasset" 901
"../../../Engine/Content/Functions/Engine_MaterialFunctions02/SplitComponents.uasset" 902
"../../../../../../Gabchan/Unreal/Cropish/Content/Materials/MF_ConvolveTexture.uasset" 903
"../../../../../../Gabchan/Unreal/Cropish/Content/Materials/MF_ExtractDepth.uasset" 904
"../../../../../../Gabchan/Unreal/Cropish/Content/Materials/MF_SampleSceneTextureNeighbourUVs.uasset" 905
"../../../../../../Gabchan/Unreal/Cropish/Content/Materials/PP_Outliner_M.uasset" 906
"../../../../../../Gabchan/Unreal/Cropish/Content/Materials/PP_Outliner_Inst.uasset" 907
"../../../Engine/Content/EngineMaterials/DefaultPhysicalMaterial.uasset" 908
"../../../../../../Gabchan/Unreal/Cropish/Content/Models/baskets-combined.uasset" 909
"../../../../../../Gabchan/Unreal/Cropish/Content/Models/cart-handle.uasset" 910
"../../../../../../Gabchan/Unreal/Cropish/Content/Models/cart-woodenbase-combined.uasset" 911
"../../../../../../Gabchan/Unreal/Cropish/Content/Models/Fence1.uasset" 912
"../../../../../../Gabchan/Unreal/Cropish/Content/Models/Fence2.uasset" 913
"../../../../../../Gabchan/Unreal/Cropish/Content/Models/Fencelink.uasset" 914
"../../../../../../Gabchan/Unreal/Cropish/Content/Models/NoticeBoard_backing.uasset" 915
"../../../../../../Gabchan/Unreal/Cropish/Content/Models/NoticeBoard_support.uasset" 916
"../../../../../../Gabchan/Unreal/Cropish/Content/VirtualRealityBP/Maps/MotionControllerMap.umap" 917
"../../../../../../Gabchan/Unreal/Cropish/Content/VirtualRealityBP/Maps/StartupMap_BuiltData.uasset" 918
"../../../../../../Gabchan/Unreal/Cropish/Content/VirtualReality/Materials/GenericHMDMaterial.uasset" 919
"../../../Engine/Content/MapTemplates/Sky/DaylightAmbientCubemap.uasset" 920
"../../../../../../Gabchan/Unreal/Cropish/Content/VirtualReality/Meshes/GenericHMD.uasset" 921
"../../../../../../Gabchan/Unreal/Cropish/Content/VirtualRealityBP/Maps/StartupMap.umap" 922
"../../../Engine/Content/Maps/Entry_BuiltData.uasset" 923
"../../../Engine/Content/Maps/Entry.umap" 924
